SF:/tmp/ipfs_libp2p/lib/p2p/network/conn_gater.dart
DA:48,1
DA:57,1
DA:58,2
DA:59,3
DA:63,1
DA:64,2
DA:65,3
DA:69,1
DA:70,2
DA:71,3
DA:75,1
DA:76,2
DA:77,3
DA:81,1
DA:82,2
DA:83,3
DA:87,1
DA:88,2
DA:89,3
DA:93,1
DA:94,2
DA:95,3
DA:99,1
DA:100,2
DA:101,3
DA:105,1
DA:106,2
DA:110,1
DA:111,2
DA:115,1
DA:116,2
DA:120,1
DA:121,2
DA:125,1
DA:126,2
DA:127,1
DA:135,1
DA:139,1
DA:143,1
DA:144,2
DA:146,1
DA:147,2
DA:150,1
DA:151,1
DA:153,3
DA:156,2
DA:157,3
DA:158,7
DA:169,1
DA:170,1
DA:172,0
DA:173,0
DA:174,0
DA:175,0
DA:176,0
DA:177,0
DA:178,0
DA:183,5
DA:188,1
DA:189,1
DA:190,2
DA:191,1
DA:192,1
DA:193,1
DA:195,4
DA:203,1
DA:204,3
DA:206,1
DA:211,1
DA:212,2
DA:214,2
DA:215,2
DA:220,1
DA:221,2
DA:225,1
DA:226,5
DA:227,3
DA:228,1
DA:233,0
DA:234,0
DA:235,0
DA:239,0
DA:240,0
DA:244,0
DA:245,0
DA:246,0
DA:247,0
DA:248,0
DA:249,0
DA:253,1
DA:255,1
DA:256,3
DA:262,1
DA:265,1
DA:266,0
DA:271,1
DA:272,3
DA:277,1
DA:278,3
DA:285,1
DA:287,2
DA:288,4
DA:293,4
DA:294,2
DA:295,3
DA:300,2
DA:301,2
DA:302,3
DA:303,2
DA:304,2
DA:309,3
DA:310,4
DA:311,2
DA:312,3
DA:316,0
DA:318,0
DA:319,0
DA:322,0
DA:323,0
DA:329,0
DA:331,0
DA:332,0
DA:335,0
DA:341,0
DA:342,0
DA:345,0
DA:355,1
DA:356,3
DA:357,1
DA:359,2
DA:360,2
DA:361,2
DA:362,2
DA:373,1
DA:379,0
DA:382,4
LF:136
LH:104
end_of_record
SF:/tmp/ipfs_libp2p/lib/core/peer/peer_id.dart
DA:16,4
DA:19,5
DA:20,5
DA:23,10
DA:24,5
DA:25,10
DA:30,0
DA:31,0
DA:39,7
DA:42,7
DA:46,4
DA:47,0
DA:48,0
DA:50,4
DA:52,2
DA:55,0
DA:56,0
DA:61,5
DA:64,10
DA:65,4
DA:66,4
DA:68,1
DA:69,1
DA:73,0
DA:76,0
DA:80,0
DA:83,0
DA:88,0
DA:89,0
DA:90,0
DA:92,0
DA:94,0
DA:96,0
DA:97,0
DA:101,0
DA:103,0
DA:104,0
DA:110,0
DA:111,0
DA:115,0
DA:116,0
DA:117,0
DA:120,0
DA:121,0
DA:122,0
DA:127,0
DA:128,0
DA:132,4
DA:135,4
DA:136,4
DA:138,0
DA:143,4
DA:144,4
DA:148,14
DA:151,0
DA:152,0
DA:153,0
DA:154,0
DA:156,0
DA:158,0
DA:159,0
DA:162,0
DA:165,0
DA:167,0
DA:168,0
DA:170,0
DA:171,0
DA:172,0
DA:174,0
DA:175,0
DA:178,0
DA:182,0
DA:186,0
DA:187,0
DA:189,1
DA:191,1
DA:192,1
DA:198,1
DA:201,0
DA:203,0
DA:207,0
DA:208,0
DA:210,0
DA:213,7
DA:216,21
DA:219,3
DA:221,3
DA:224,0
DA:226,0
DA:227,0
DA:228,0
DA:230,0
DA:233,0
DA:235,0
DA:236,0
DA:240,1
DA:242,1
DA:243,1
DA:246,0
DA:248,0
DA:249,0
DA:252,1
DA:255,2
DA:257,2
DA:264,1
DA:265,2
DA:274,0
DA:277,0
DA:278,0
DA:284,0
DA:288,0
DA:289,0
DA:293,4
DA:296,1
DA:297,3
DA:300,4
DA:301,8
LF:117
LH:44
end_of_record
SF:/tmp/ipfs_libp2p/lib/core/multiaddr.dart
DA:14,26
DA:16,13
DA:17,13
DA:18,65
DA:20,26
DA:21,13
DA:22,13
DA:25,0
DA:27,13
DA:29,26
DA:30,7
DA:32,13
DA:34,0
DA:37,0
DA:40,0
DA:41,0
DA:43,0
DA:46,26
DA:47,0
DA:49,13
DA:52,13
DA:53,8
DA:56,13
DA:57,13
DA:63,9
DA:65,9
DA:66,18
DA:67,27
DA:68,18
DA:70,18
DA:73,9
DA:76,1
DA:77,1
DA:79,2
DA:81,3
DA:84,1
DA:87,1
DA:88,0
DA:91,1
DA:94,1
DA:98,1
DA:100,1
DA:102,2
DA:105,1
DA:106,1
DA:108,1
DA:110,0
DA:115,1
DA:117,0
DA:118,0
DA:121,2
DA:124,3
DA:125,0
DA:129,2
DA:130,1
DA:131,1
DA:133,1
DA:137,1
DA:138,2
DA:139,3
DA:140,2
DA:142,2
DA:146,1
DA:147,1
DA:150,4
DA:151,20
DA:154,6
DA:156,30
DA:158,6
DA:166,5
DA:169,0
DA:172,18
DA:175,1
DA:176,3
DA:177,1
DA:181,0
DA:182,0
DA:183,0
DA:185,0
DA:186,0
DA:187,0
DA:190,4
DA:193,0
DA:196,2
DA:197,4
DA:199,1
DA:200,3
DA:203,2
DA:204,4
DA:205,6
DA:208,0
DA:209,0
DA:212,0
DA:213,0
DA:220,6
DA:221,12
DA:222,12
DA:223,6
DA:225,0
DA:226,0
DA:232,6
DA:233,6
DA:236,6
DA:237,12
DA:239,6
DA:240,6
DA:241,0
DA:242,0
DA:243,6
DA:246,0
DA:247,0
DA:252,1
DA:253,2
DA:261,10
DA:264,8
DA:267,0
DA:270,0
DA:273,0
DA:276,0
DA:281,0
DA:284,0
DA:287,0
DA:292,0
DA:295,0
DA:298,0
DA:301,8
DA:306,0
DA:309,0
DA:312,0
DA:315,0
DA:320,0
DA:322,0
DA:326,0
DA:327,0
DA:328,0
DA:329,0
DA:330,0
DA:331,0
DA:332,0
DA:350,4
DA:352,4
DA:354,3
DA:358,3
DA:360,9
DA:361,9
DA:367,3
DA:369,6
DA:370,9
DA:383,4
DA:384,8
DA:385,8
DA:387,3
DA:388,3
DA:390,8
DA:392,4
DA:403,3
DA:404,3
DA:408,2
DA:409,4
DA:411,4
LF:160
LH:107
end_of_record
SF:/tmp/ipfs_libp2p/lib/core/network/conn.dart
DA:78,4
DA:100,4
DA:116,1
LF:3
LH:3
end_of_record
SF:/tmp/ipfs_libp2p/lib/core/crypto/keys.dart
DA:48,5
DA:51,3
DA:52,0
DA:53,2
DA:54,0
DA:58,1
DA:59,3
DA:62,0
DA:65,2
LF:9
LH:6
end_of_record
SF:/tmp/ipfs_libp2p/lib/core/network/context.dart
DA:10,5
DA:12,0
DA:13,0
DA:14,0
DA:15,0
DA:22,0
DA:34,0
DA:35,0
DA:36,0
DA:37,0
DA:42,0
DA:45,0
DA:46,0
DA:50,0
DA:51,0
DA:59,0
DA:60,0
DA:67,0
DA:68,0
DA:73,0
DA:82,0
DA:83,0
DA:87,0
DA:88,0
DA:96,0
DA:97,0
DA:105,0
DA:106,0
DA:110,0
DA:111,0
DA:115,0
DA:116,0
DA:126,0
DA:127,0
DA:133,0
DA:134,0
DA:138,0
DA:141,0
DA:144,0
DA:145,0
DA:146,0
LF:41
LH:1
end_of_record
SF:/tmp/ipfs_libp2p/lib/core/network/stream.dart
DA:90,1
LF:1
LH:1
end_of_record
SF:/tmp/ipfs_libp2p/lib/core/network/rcmgr.dart
DA:19,27
DA:144,0
DA:146,0
DA:149,0
DA:151,0
DA:154,0
DA:157,0
DA:160,0
DA:163,0
DA:166,0
DA:169,0
DA:172,1
DA:175,1
DA:178,0
DA:180,0
DA:183,0
DA:199,0
DA:202,0
DA:205,0
DA:208,0
DA:213,1
DA:216,0
DA:219,0
DA:222,0
DA:223,0
DA:227,0
DA:231,1
DA:235,0
DA:239,2
DA:242,0
DA:247,0
LF:31
LH:6
end_of_record
SF:/tmp/ipfs_libp2p/lib/core/protocol/protocol.dart
DA:23,0
DA:24,0
DA:28,0
DA:29,0
LF:4
LH:0
end_of_record
SF:/tmp/ipfs_libp2p/lib/core/connmgr/conn_gater.dart
DA:15,0
DA:70,0
DA:72,0
DA:75,0
DA:78,0
DA:81,0
DA:84,0
LF:7
LH:0
end_of_record
SF:/tmp/ipfs_libp2p/lib/p2p/transport/multiplexing/multiplexer.dart
DA:100,21
LF:1
LH:1
end_of_record
SF:/tmp/ipfs_libp2p/lib/core/network/mux.dart
DA:11,0
DA:13,0
DA:14,0
LF:3
LH:0
end_of_record
SF:/tmp/ipfs_libp2p/lib/p2p/transport/multiplexing/yamux/session.dart
DA:22,9
DA:76,16
DA:90,4
DA:92,4
DA:94,4
DA:97,4
DA:98,8
DA:99,0
DA:100,0
DA:101,0
DA:103,0
DA:106,4
DA:107,8
DA:110,4
DA:111,12
DA:114,2
DA:115,8
DA:118,1
DA:119,1
DA:122,1
DA:123,2
DA:124,1
DA:125,1
DA:127,1
DA:130,0
DA:131,0
DA:136,2
DA:137,2
DA:140,1
DA:141,1
DA:144,0
DA:146,2
DA:147,2
DA:148,2
DA:150,1
DA:154,4
DA:156,4
DA:159,4
DA:162,4
DA:167,4
DA:169,4
DA:170,4
DA:171,12
DA:173,1
DA:179,3
DA:180,3
DA:181,6
DA:182,1
DA:186,1
DA:187,2
DA:189,4
DA:190,1
DA:191,1
DA:194,1
DA:195,1
DA:197,0
DA:200,1
DA:205,4
DA:206,4
DA:207,4
DA:208,4
DA:209,4
DA:212,4
DA:215,4
DA:216,1
DA:220,4
DA:224,8
DA:225,12
DA:227,3
DA:231,8
DA:233,4
DA:234,8
DA:235,6
DA:237,3
DA:239,0
DA:242,12
DA:243,3
DA:244,6
DA:249,9
DA:250,3
DA:251,3
DA:255,6
DA:257,3
DA:260,6
DA:261,9
DA:262,0
DA:265,6
DA:266,6
DA:267,3
DA:268,0
DA:271,12
DA:272,3
DA:273,6
DA:277,3
DA:278,3
DA:280,3
DA:283,3
DA:284,6
DA:287,3
DA:289,0
DA:290,0
DA:291,0
DA:295,3
DA:296,6
DA:299,4
DA:300,2
DA:301,2
DA:302,2
DA:307,1
DA:309,0
DA:310,0
DA:313,1
DA:314,2
DA:315,0
DA:318,3
DA:319,0
DA:325,3
DA:327,3
DA:328,2
DA:329,0
DA:337,6
DA:338,0
DA:341,6
DA:342,1
DA:348,9
DA:349,9
DA:351,9
DA:352,0
DA:353,0
DA:355,9
DA:357,3
DA:360,9
DA:362,3
DA:364,1
DA:370,3
DA:371,3
DA:372,3
DA:374,3
DA:375,3
DA:377,0
DA:378,0
DA:382,0
DA:383,0
DA:389,3
DA:391,6
DA:392,9
DA:394,3
DA:395,3
DA:396,6
DA:398,0
DA:399,0
DA:406,3
DA:407,9
DA:409,3
DA:413,3
DA:415,15
DA:416,15
DA:419,9
DA:421,0
DA:422,0
DA:423,0
DA:430,9
DA:431,3
DA:435,0
DA:436,0
DA:437,0
DA:443,0
DA:444,0
DA:445,0
DA:449,6
DA:450,0
DA:451,0
DA:452,0
DA:453,0
DA:454,0
DA:455,0
DA:460,6
DA:462,3
DA:464,0
DA:465,0
DA:469,6
DA:470,3
DA:471,3
DA:473,3
DA:475,3
DA:477,3
DA:478,6
DA:479,3
DA:480,9
DA:483,9
DA:488,3
DA:491,3
DA:492,0
DA:495,3
DA:496,6
DA:497,6
DA:498,3
DA:502,6
DA:505,3
DA:506,3
DA:507,0
DA:508,0
DA:510,0
DA:515,0
DA:516,0
DA:518,0
DA:519,0
DA:524,0
DA:525,0
DA:527,0
DA:529,0
DA:531,0
DA:532,0
DA:535,0
DA:536,0
DA:541,0
DA:542,0
DA:545,1
DA:550,5
DA:554,1
DA:557,4
DA:558,7
DA:560,6
DA:561,0
DA:562,0
DA:564,4
DA:569,4
DA:570,4
DA:571,8
DA:575,20
DA:576,4
DA:579,4
DA:580,12
DA:581,8
DA:583,6
DA:584,12
DA:585,3
DA:587,4
DA:588,4
DA:596,4
DA:612,4
DA:613,4
DA:614,8
DA:617,4
DA:620,4
DA:625,4
DA:626,12
DA:627,4
DA:628,8
DA:629,4
DA:634,4
DA:635,4
DA:636,4
DA:639,4
DA:640,5
DA:643,4
DA:648,4
DA:652,11
DA:654,6
DA:655,3
DA:658,4
DA:659,6
DA:661,4
DA:665,4
DA:669,4
DA:670,0
DA:671,0
DA:674,4
DA:675,2
DA:676,3
DA:677,1
DA:680,4
DA:681,8
DA:684,4
DA:689,12
DA:690,0
DA:691,0
DA:692,0
DA:693,0
DA:695,4
DA:696,0
DA:697,0
DA:698,0
DA:699,0
DA:703,20
DA:704,20
DA:707,4
DA:710,4
DA:711,8
DA:712,4
DA:714,4
DA:715,8
DA:716,4
DA:717,8
DA:720,8
DA:725,4
DA:726,4
DA:733,4
DA:736,4
DA:740,0
DA:741,0
DA:742,0
DA:743,0
DA:744,0
DA:745,0
DA:750,0
DA:751,0
DA:752,0
DA:753,0
DA:757,0
DA:758,0
DA:759,0
DA:766,3
DA:769,9
DA:770,0
DA:774,6
DA:779,6
DA:780,6
DA:781,10
DA:783,1
DA:784,1
DA:785,1
DA:792,3
DA:795,0
DA:800,1
DA:805,0
DA:808,3
DA:812,3
DA:813,6
DA:815,4
DA:817,4
DA:820,4
DA:823,2
DA:824,2
DA:826,4
DA:827,8
DA:829,4
DA:830,8
DA:832,4
DA:833,12
DA:835,1
DA:837,1
DA:840,0
DA:842,0
DA:845,4
DA:846,4
DA:849,4
DA:850,4
DA:852,6
DA:855,8
DA:856,0
DA:857,0
DA:858,0
DA:861,8
DA:863,12
DA:864,8
DA:865,8
DA:867,4
DA:869,0
DA:870,0
DA:875,8
DA:876,8
DA:879,0
DA:880,0
DA:884,8
DA:885,6
DA:888,0
DA:889,0
DA:893,1
DA:896,2
DA:897,0
DA:898,0
DA:900,2
DA:902,0
DA:903,0
DA:906,1
DA:907,2
DA:912,1
DA:913,2
DA:917,0
DA:919,0
DA:924,0
DA:926,0
DA:930,1
DA:931,2
DA:933,4
DA:934,8
DA:936,0
DA:937,0
DA:939,1
DA:942,2
DA:943,1
DA:944,1
DA:945,1
DA:947,1
DA:949,1
DA:953,1
DA:954,2
DA:956,1
DA:957,2
DA:959,0
DA:961,0
DA:963,0
DA:968,0
DA:979,0
DA:981,0
LF:406
LH:288
end_of_record
SF:/tmp/ipfs_libp2p/lib/p2p/transport/multiplexing/yamux/frame.dart
DA:23,10
DA:25,5
DA:26,5
DA:27,15
DA:28,0
DA:63,6
DA:74,6
DA:75,12
DA:76,2
DA:79,15
DA:81,5
DA:82,5
DA:83,2
DA:86,10
DA:87,5
DA:88,5
DA:89,5
DA:92,5
DA:93,18
DA:94,10
DA:95,1
DA:96,2
DA:99,5
DA:102,5
DA:112,5
DA:113,20
DA:114,10
DA:116,5
DA:117,15
DA:118,10
DA:119,10
DA:120,10
DA:122,5
DA:123,20
DA:126,10
DA:130,6
DA:132,6
DA:136,6
DA:142,6
DA:143,6
DA:148,6
DA:153,5
DA:154,5
DA:159,5
DA:165,4
DA:166,4
DA:171,4
DA:176,3
DA:177,3
DA:182,3
DA:188,2
DA:189,2
DA:194,2
DA:199,4
DA:200,4
DA:205,4
LF:56
LH:55
end_of_record
SF:/tmp/ipfs_libp2p/lib/p2p/transport/multiplexing/yamux/stream.dart
DA:19,15
DA:27,2
DA:106,0
DA:107,0
DA:108,0
DA:109,0
DA:111,0
DA:160,4
DA:161,7
DA:162,0
DA:163,0
DA:164,0
DA:165,0
DA:169,0
DA:176,4
DA:177,4
DA:180,4
DA:182,2
DA:183,0
DA:188,2
DA:189,1
DA:192,5
DA:205,0
DA:214,1
DA:215,10
DA:216,25
DA:220,5
DA:221,25
DA:222,10
DA:223,0
DA:224,0
DA:225,0
DA:231,5
DA:232,5
DA:233,5
DA:234,10
DA:235,15
DA:238,15
DA:239,10
DA:242,4
DA:244,4
DA:245,8
DA:246,16
DA:249,4
DA:251,4
DA:252,4
DA:253,6
DA:254,2
DA:259,12
DA:260,4
DA:261,6
DA:262,2
DA:264,4
DA:266,2
DA:270,4
DA:271,0
DA:272,0
DA:277,4
DA:278,2
DA:282,4
DA:286,4
DA:288,12
DA:291,8
DA:292,10
DA:293,4
DA:294,2
DA:298,12
DA:304,2
DA:305,2
DA:306,2
DA:307,4
DA:310,6
DA:311,0
DA:312,0
DA:313,0
DA:316,4
DA:317,4
DA:318,10
DA:321,2
DA:322,2
DA:325,2
DA:329,4
DA:330,4
DA:335,5
DA:338,8
DA:339,8
DA:340,2
DA:341,8
DA:342,2
DA:343,3
DA:344,2
DA:345,2
DA:346,1
DA:349,8
DA:350,2
DA:351,0
DA:352,0
DA:356,8
DA:363,10
DA:364,9
DA:366,4
DA:367,0
DA:368,0
DA:369,0
DA:376,8
DA:377,8
DA:379,8
DA:381,8
DA:382,8
DA:383,4
DA:387,8
DA:388,4
DA:390,8
DA:391,8
DA:392,16
DA:394,0
DA:395,0
DA:398,0
DA:399,0
DA:400,0
DA:401,0
DA:402,0
DA:409,2
DA:410,2
DA:411,2
DA:415,4
DA:416,4
DA:417,0
DA:418,4
DA:419,6
DA:421,4
DA:422,10
DA:425,4
DA:426,4
DA:429,2
DA:431,0
DA:432,0
DA:436,2
DA:441,4
DA:442,8
DA:443,12
DA:444,2
DA:449,2
DA:450,4
DA:452,6
DA:453,4
DA:455,2
DA:457,0
DA:458,0
DA:459,0
DA:460,2
DA:462,2
DA:463,2
DA:464,3
DA:467,2
DA:471,2
DA:473,10
DA:474,8
DA:475,0
DA:476,0
DA:479,2
DA:480,2
DA:483,8
DA:484,4
DA:485,4
DA:487,0
DA:488,0
DA:491,2
DA:493,0
DA:494,0
DA:495,0
DA:496,0
DA:499,0
DA:500,0
DA:504,8
DA:505,2
DA:509,5
DA:511,25
DA:512,20
DA:513,0
DA:514,0
DA:518,5
DA:519,5
DA:522,10
DA:523,3
DA:524,4
DA:525,6
DA:526,2
DA:527,4
DA:528,4
DA:529,2
DA:532,10
DA:533,10
DA:534,15
DA:535,10
DA:537,2
DA:538,2
DA:541,5
DA:543,0
DA:544,0
DA:545,0
DA:546,0
DA:548,0
DA:549,0
DA:552,0
DA:553,0
DA:557,10
DA:558,15
DA:559,5
DA:560,25
DA:564,4
DA:566,4
DA:567,8
DA:568,4
DA:570,4
DA:571,4
DA:572,4
DA:574,8
DA:575,4
DA:581,4
DA:582,8
DA:583,20
DA:586,4
DA:589,4
DA:590,2
DA:591,4
DA:592,8
DA:596,4
DA:597,4
DA:598,4
DA:599,2
DA:603,8
DA:604,4
DA:605,4
DA:606,6
DA:607,0
DA:608,0
DA:609,0
DA:610,0
DA:611,0
DA:617,8
DA:618,2
DA:619,2
DA:624,1
DA:625,2
DA:626,2
DA:627,1
DA:630,1
DA:634,8
DA:635,4
DA:639,0
DA:640,0
DA:641,0
DA:645,4
DA:646,4
DA:647,4
DA:648,2
DA:650,2
DA:651,2
DA:652,1
DA:658,2
DA:659,2
DA:660,2
DA:661,1
DA:662,2
DA:663,1
DA:664,1
DA:665,1
DA:667,0
DA:672,4
DA:673,4
DA:676,4
DA:685,6
DA:696,4
DA:697,4
DA:698,4
DA:701,4
DA:702,4
DA:703,8
DA:706,4
DA:707,8
DA:709,8
DA:711,4
DA:714,4
DA:715,4
DA:716,2
DA:717,2
DA:718,1
DA:722,0
DA:723,0
DA:724,0
DA:725,0
DA:729,12
DA:733,0
DA:734,0
DA:735,0
DA:736,0
DA:742,0
DA:743,0
DA:744,0
DA:745,0
DA:746,0
DA:747,0
DA:755,4
DA:757,8
DA:759,0
DA:760,0
DA:761,0
DA:762,0
DA:766,0
DA:767,0
DA:768,0
DA:769,0
DA:770,0
DA:772,0
DA:774,0
DA:779,0
DA:780,0
DA:781,0
DA:782,0
DA:787,0
DA:788,0
DA:789,0
DA:792,0
DA:797,0
DA:798,0
DA:799,0
DA:800,0
DA:801,0
DA:804,0
DA:808,4
DA:809,4
DA:811,16
DA:812,6
DA:813,9
DA:818,12
DA:819,8
DA:820,2
DA:821,2
DA:826,8
DA:827,4
DA:832,4
DA:833,4
DA:834,4
DA:837,1
DA:838,0
DA:842,2
DA:843,3
DA:844,1
DA:845,3
DA:848,2
DA:849,3
DA:850,2
DA:851,2
DA:852,0
DA:853,0
DA:854,0
DA:861,4
DA:862,8
DA:863,0
DA:864,0
DA:867,4
DA:868,8
DA:869,20
DA:870,8
DA:871,9
DA:872,4
DA:873,2
DA:878,0
DA:880,0
DA:882,0
DA:883,0
DA:884,0
DA:885,0
DA:888,0
DA:889,0
DA:895,4
DA:896,8
DA:897,16
DA:899,8
DA:901,1
DA:903,8
DA:904,0
DA:905,0
DA:910,4
DA:911,0
DA:912,0
DA:913,0
DA:915,0
DA:918,0
DA:919,0
DA:920,0
DA:925,4
DA:927,4
DA:928,4
DA:930,4
DA:935,4
DA:936,8
DA:938,12
DA:939,12
DA:940,8
DA:941,16
DA:944,6
DA:945,4
DA:946,12
DA:950,16
DA:951,8
DA:952,12
DA:955,8
DA:956,2
DA:957,4
DA:960,4
DA:966,0
DA:967,0
DA:970,4
DA:971,2
DA:972,4
DA:973,6
DA:974,2
DA:980,12
DA:981,6
DA:982,3
DA:983,6
DA:984,6
DA:989,6
DA:990,3
DA:991,2
DA:992,2
DA:993,2
DA:994,3
DA:1001,6
DA:1002,15
DA:1007,4
DA:1009,4
DA:1011,8
DA:1012,0
DA:1013,0
DA:1014,0
DA:1015,0
DA:1016,0
DA:1019,0
DA:1020,0
DA:1022,0
DA:1023,0
DA:1027,8
DA:1028,8
DA:1029,0
DA:1030,0
DA:1031,4
DA:1032,0
DA:1033,0
DA:1037,5
DA:1038,25
DA:1039,5
DA:1042,10
DA:1043,5
DA:1045,10
DA:1046,15
DA:1048,10
DA:1049,0
DA:1050,0
DA:1051,0
DA:1052,0
DA:1053,0
DA:1056,5
DA:1057,0
DA:1058,0
DA:1059,0
DA:1061,0
DA:1062,0
DA:1065,0
DA:1066,0
DA:1067,0
DA:1068,0
DA:1070,0
DA:1073,10
DA:1074,2
DA:1075,4
DA:1076,2
DA:1079,10
DA:1080,20
DA:1081,10
DA:1084,25
DA:1087,2
DA:1089,4
DA:1090,4
DA:1091,4
DA:1093,0
DA:1094,0
DA:1096,1
DA:1097,1
DA:1099,2
DA:1101,4
DA:1102,8
DA:1104,1
DA:1105,1
DA:1107,0
DA:1110,0
DA:1111,0
DA:1112,0
DA:1113,0
DA:1114,0
DA:1117,0
DA:1119,0
DA:1121,0
DA:1122,0
DA:1126,1
DA:1127,1
DA:1129,0
DA:1132,0
DA:1136,3
DA:1138,15
DA:1139,6
DA:1140,0
DA:1141,0
DA:1146,12
DA:1147,9
DA:1148,6
DA:1150,3
DA:1151,6
DA:1152,9
DA:1164,6
DA:1165,9
DA:1167,0
DA:1168,0
DA:1169,0
DA:1174,2
DA:1176,10
DA:1177,2
DA:1180,2
DA:1181,8
DA:1183,4
DA:1184,2
DA:1185,2
DA:1186,3
DA:1190,1
DA:1192,1
DA:1193,1
DA:1194,1
DA:1196,5
DA:1198,4
DA:1202,0
DA:1204,0
DA:1205,0
DA:1208,0
DA:1210,0
DA:1211,0
DA:1212,0
DA:1215,0
DA:1220,0
DA:1221,0
DA:1227,0
DA:1228,0
DA:1229,0
DA:1234,4
DA:1235,20
DA:1236,12
DA:1237,8
DA:1238,12
DA:1241,2
DA:1242,2
DA:1243,10
LF:562
LH:371
end_of_record
SF:/tmp/ipfs_libp2p/lib/core/peer/addr_info.dart
DA:13,3
DA:16,0
DA:18,0
DA:20,0
DA:21,0
DA:24,0
DA:25,0
DA:26,0
DA:29,0
DA:32,0
DA:35,0
DA:40,0
DA:41,0
DA:42,0
DA:46,0
DA:48,0
DA:49,0
DA:50,0
DA:51,0
DA:54,0
DA:55,0
DA:59,0
DA:60,0
DA:62,0
DA:63,0
DA:68,0
DA:71,0
DA:72,0
DA:73,0
DA:75,0
DA:76,0
DA:79,0
DA:80,0
DA:82,0
DA:84,0
LF:35
LH:1
end_of_record
SF:/tmp/ipfs_libp2p/lib/core/event/bus.dart
DA:24,3
LF:1
LH:1
end_of_record
SF:/tmp/ipfs_libp2p/lib/core/exceptions.dart
DA:10,0
DA:17,0
LF:2
LH:0
end_of_record
SF:/tmp/ipfs_libp2p/lib/core/connmgr/conn_manager.dart
DA:29,0
DA:34,0
DA:35,0
DA:36,0
LF:4
LH:0
end_of_record
SF:/tmp/ipfs_libp2p/lib/core/network/network.dart
DA:162,0
DA:177,0
LF:2
LH:0
end_of_record
SF:/tmp/ipfs_libp2p/lib/core/peerstore.dart
DA:17,18
DA:18,0
DA:19,0
DA:63,0
LF:4
LH:1
end_of_record
SF:/tmp/ipfs_libp2p/lib/core/network/errors.dart
DA:5,0
DA:7,0
DA:8,0
DA:10,0
DA:11,0
DA:16,0
DA:18,0
DA:25,0
DA:27,0
DA:34,0
DA:36,0
DA:45,0
DA:47,0
DA:54,0
DA:60,0
DA:62,0
LF:16
LH:0
end_of_record
SF:/tmp/ipfs_libp2p/lib/core/network/notifiee.dart
DA:39,1
DA:46,0
DA:48,0
DA:49,0
DA:53,0
DA:55,0
DA:56,0
DA:60,0
DA:63,0
DA:64,0
DA:68,0
DA:70,0
DA:71,0
DA:77,0
DA:81,0
DA:84,0
DA:87,0
DA:89,0
DA:92,0
DA:95,0
LF:20
LH:1
end_of_record
SF:/tmp/ipfs_libp2p/lib/p2p/protocol/holepunch/filter.dart
DA:10,0
DA:12,0
DA:15,0
DA:18,0
DA:21,0
DA:28,0
DA:30,0
DA:36,0
LF:8
LH:0
end_of_record
SF:/tmp/ipfs_libp2p/lib/p2p/protocol/holepunch/holepunch.dart
DA:24,0
DA:31,0
DA:32,0
LF:3
LH:0
end_of_record
SF:/tmp/ipfs_libp2p/lib/p2p/protocol/holepunch/holepuncher.dart
DA:27,0
DA:35,0
DA:40,0
DA:46,0
DA:92,1
DA:100,4
DA:104,0
DA:105,0
DA:106,0
DA:107,0
DA:111,0
DA:112,0
DA:113,0
DA:115,0
DA:122,0
DA:124,0
DA:125,0
DA:127,0
DA:128,0
DA:134,0
DA:136,0
DA:142,0
DA:143,0
DA:144,0
DA:146,0
DA:149,0
DA:150,0
DA:152,0
DA:153,0
DA:154,0
DA:158,0
DA:159,0
DA:165,0
DA:168,0
DA:170,0
DA:171,0
DA:172,0
DA:173,0
DA:175,0
DA:176,0
DA:180,0
DA:182,0
DA:183,0
DA:184,0
DA:186,0
DA:188,0
DA:189,0
DA:190,0
DA:191,0
DA:192,0
DA:193,0
DA:196,0
DA:197,0
DA:200,0
DA:204,0
DA:205,0
DA:209,0
DA:213,0
DA:215,0
DA:216,0
DA:217,0
DA:220,0
DA:222,0
DA:224,0
DA:225,0
DA:228,0
DA:229,0
DA:234,0
DA:235,0
DA:236,0
DA:242,0
DA:245,0
DA:246,0
DA:247,0
DA:250,0
DA:251,0
DA:252,0
DA:254,0
DA:255,0
DA:256,0
DA:260,0
DA:261,0
DA:262,0
DA:263,0
DA:266,0
DA:267,0
DA:270,0
DA:271,0
DA:272,0
DA:274,0
DA:275,0
DA:278,0
DA:279,0
DA:280,0
DA:283,0
DA:284,0
DA:287,0
DA:289,0
DA:290,0
DA:292,0
DA:294,0
DA:299,0
DA:302,0
DA:303,0
DA:304,0
DA:308,0
DA:310,0
DA:311,0
DA:313,0
DA:319,1
DA:320,3
DA:321,1
DA:324,2
DA:325,2
DA:333,1
DA:335,1
DA:340,4
DA:341,2
DA:344,0
DA:345,0
DA:346,0
DA:347,0
DA:349,0
DA:355,0
DA:357,0
DA:360,0
DA:363,1
LF:127
LH:12
end_of_record
SF:/tmp/ipfs_libp2p/lib/p2p/protocol/holepunch/metrics.dart
DA:29,0
DA:32,0
DA:35,0
DA:38,0
DA:41,0
DA:44,0
DA:47,0
DA:49,0
DA:51,0
DA:54,0
DA:56,0
DA:59,0
DA:61,0
DA:64,0
DA:69,0
DA:71,0
DA:74,0
DA:77,0
DA:79,0
DA:83,0
DA:89,0
LF:21
LH:0
end_of_record
SF:/tmp/ipfs_libp2p/lib/p2p/protocol/holepunch/service.dart
DA:25,3
DA:36,18
DA:48,0
DA:88,1
DA:93,1
DA:94,1
DA:95,1
DA:98,1
DA:102,1
DA:103,3
DA:104,2
DA:109,1
DA:110,3
DA:111,2
DA:112,2
DA:113,2
DA:122,1
DA:123,5
DA:127,3
DA:129,3
DA:130,2
DA:134,5
DA:135,2
DA:139,2
DA:140,5
DA:143,1
DA:145,1
DA:149,1
DA:152,2
DA:153,0
DA:154,0
DA:158,0
DA:159,0
DA:160,0
DA:161,0
DA:163,0
DA:164,0
DA:169,1
DA:172,2
DA:175,1
DA:177,2
DA:179,3
DA:180,1
DA:181,2
DA:185,1
DA:186,2
DA:188,2
DA:189,2
DA:190,2
DA:194,0
DA:196,0
DA:197,0
DA:198,0
DA:201,0
DA:202,0
DA:203,0
DA:207,0
DA:208,0
DA:209,0
DA:211,0
DA:212,0
DA:213,0
DA:217,0
DA:219,0
DA:222,0
DA:223,0
DA:224,0
DA:225,0
DA:226,0
DA:229,0
DA:230,0
DA:231,0
DA:234,0
DA:235,0
DA:236,0
DA:237,0
DA:242,0
DA:243,0
DA:244,0
DA:246,0
DA:247,0
DA:248,0
DA:251,0
DA:252,0
DA:253,0
DA:254,0
DA:255,0
DA:258,0
DA:259,0
DA:264,0
DA:269,0
DA:276,0
DA:277,0
DA:282,0
DA:284,0
DA:285,0
DA:289,0
DA:292,0
DA:293,0
DA:295,0
DA:296,0
DA:297,0
DA:302,0
DA:303,0
DA:304,0
DA:306,0
DA:307,0
DA:310,0
DA:311,0
DA:312,0
DA:313,0
DA:314,0
DA:316,0
DA:317,0
DA:322,0
DA:323,0
DA:324,0
DA:325,0
DA:326,0
DA:327,0
DA:328,0
DA:331,0
DA:332,0
DA:333,0
DA:335,0
DA:340,0
DA:344,0
DA:345,0
DA:346,0
DA:347,0
DA:348,0
DA:349,0
DA:354,0
DA:359,0
DA:361,0
DA:365,0
DA:372,0
LF:137
LH:40
end_of_record
SF:/tmp/ipfs_libp2p/lib/p2p/protocol/holepunch/tracer.dart
DA:10,0
DA:18,0
DA:21,0
DA:22,0
DA:26,0
DA:28,0
DA:31,0
DA:33,0
DA:34,0
DA:37,0
DA:39,0
DA:40,0
DA:43,0
DA:45,0
DA:46,0
DA:49,0
DA:51,0
DA:52,0
DA:53,0
DA:56,0
DA:58,0
DA:59,0
DA:62,0
DA:64,0
DA:66,0
DA:68,0
DA:69,0
DA:73,0
DA:76,0
DA:78,0
DA:79,0
LF:31
LH:0
end_of_record
SF:/tmp/ipfs_libp2p/lib/p2p/protocol/holepunch/util.dart
DA:29,0
DA:30,0
DA:34,1
DA:35,1
DA:39,0
DA:40,0
DA:44,0
DA:45,0
DA:46,0
DA:49,0
DA:50,0
DA:51,0
DA:60,0
DA:61,0
DA:62,0
LF:15
LH:2
end_of_record
SF:/tmp/ipfs_libp2p/lib/p2p/protocol/holepunch/pb/holepunch.pb.dart
DA:25,0
DA:29,0
DA:30,0
DA:31,0
DA:35,0
DA:37,0
DA:39,0
DA:40,0
DA:42,0
DA:44,0
DA:48,0
DA:50,0
DA:54,0
DA:55,0
DA:56,0
DA:58,0
DA:60,0
DA:61,0
DA:63,0
DA:64,0
DA:65,0
DA:66,0
DA:67,0
DA:69,0
DA:72,0
DA:73,0
DA:74,0
DA:75,0
DA:76,0
DA:77,0
DA:78,0
DA:79,0
DA:81,0
DA:82,0
LF:34
LH:0
end_of_record
SF:/tmp/ipfs_libp2p/lib/p2p/discovery/peer_info.dart
DA:25,0
DA:34,0
DA:35,0
DA:36,0
DA:39,0
DA:40,0
DA:44,0
DA:45,0
DA:46,0
DA:50,0
DA:51,0
DA:52,0
DA:56,0
DA:57,0
DA:58,0
DA:62,0
DA:63,0
DA:64,0
DA:68,0
DA:69,0
DA:70,0
LF:21
LH:0
end_of_record
SF:/tmp/ipfs_libp2p/lib/p2p/protocol/holepunch/pb/holepunch.pbenum.dart
DA:28,0
DA:29,0
DA:30,0
DA:32,24
LF:4
LH:1
end_of_record
SF:/tmp/ipfs_libp2p/lib/p2p/transport/multiplexing/yamux/yamux_exceptions.dart
DA:11,6
DA:22,2
DA:28,2
DA:31,0
DA:32,0
DA:35,0
DA:36,0
DA:37,0
DA:38,0
DA:51,2
DA:59,2
DA:63,2
DA:64,2
DA:65,2
DA:66,2
DA:67,2
DA:71,0
DA:73,0
DA:75,0
DA:77,0
DA:78,0
DA:79,0
DA:80,0
DA:81,0
DA:82,0
DA:83,0
DA:84,0
DA:95,0
DA:103,0
DA:107,0
DA:108,0
DA:109,0
DA:110,0
DA:111,0
DA:115,0
DA:117,0
DA:119,0
DA:121,0
DA:122,0
DA:123,0
DA:124,0
DA:125,0
DA:126,0
DA:127,0
DA:128,0
DA:138,0
DA:145,0
DA:149,0
DA:150,0
DA:151,0
DA:152,0
DA:156,0
DA:158,0
DA:160,0
DA:162,0
DA:163,0
DA:164,0
DA:165,0
DA:166,0
DA:167,0
DA:168,0
DA:177,0
DA:183,0
DA:187,0
DA:188,0
DA:189,0
DA:193,0
DA:195,0
DA:197,0
DA:199,0
DA:200,0
DA:201,0
DA:202,0
DA:203,0
DA:204,0
DA:212,2
DA:220,2
DA:221,6
DA:222,2
DA:223,2
DA:224,2
DA:225,2
DA:230,2
DA:232,2
DA:235,3
DA:236,1
DA:240,0
DA:247,2
DA:248,1
DA:252,0
DA:259,2
DA:260,0
DA:264,0
DA:272,1
DA:273,1
DA:276,0
DA:284,0
DA:285,0
DA:286,0
DA:287,0
DA:289,0
DA:297,0
DA:298,0
DA:299,0
DA:301,0
DA:309,0
DA:310,0
DA:311,0
DA:313,0
DA:321,0
DA:322,0
DA:324,0
DA:332,4
DA:340,4
DA:342,2
DA:348,4
DA:349,2
DA:358,4
DA:359,4
DA:360,2
DA:361,2
DA:373,0
DA:375,0
DA:380,0
DA:385,0
DA:387,0
DA:391,0
DA:403,0
DA:405,0
DA:407,0
DA:411,0
DA:416,0
DA:428,0
DA:430,0
DA:431,0
DA:434,0
DA:435,0
DA:440,2
DA:442,2
DA:443,2
DA:446,0
DA:447,0
DA:452,4
DA:460,8
DA:461,0
DA:462,0
DA:471,0
DA:472,0
LF:148
LH:40
end_of_record
SF:/tmp/ipfs_libp2p/lib/config/config.dart
DA:45,0
DA:118,0
DA:119,0
DA:120,0
DA:127,0
DA:129,0
DA:132,0
DA:133,0
DA:140,0
DA:143,0
DA:146,0
DA:151,0
DA:152,0
DA:158,0
DA:159,0
DA:160,0
DA:165,0
DA:169,0
DA:171,0
DA:174,0
DA:176,0
DA:181,0
DA:182,0
DA:185,0
DA:187,0
DA:189,0
DA:192,0
DA:199,0
DA:206,0
DA:212,0
DA:215,0
DA:216,0
DA:220,0
DA:230,0
DA:231,0
DA:232,0
DA:235,0
DA:236,0
DA:240,0
DA:241,0
DA:244,0
DA:245,0
DA:248,0
DA:249,0
DA:263,0
DA:264,0
DA:268,0
DA:269,0
DA:270,0
DA:273,0
DA:277,0
DA:278,0
DA:279,0
DA:282,0
DA:286,0
DA:287,0
DA:291,0
DA:292,0
DA:296,0
DA:297,0
DA:300,0
DA:301,0
DA:304,0
DA:305,0
DA:309,0
DA:310,0
DA:314,0
DA:316,0
DA:320,0
DA:321,0
DA:324,0
DA:325,0
DA:328,0
DA:329,0
DA:332,0
DA:333,0
DA:336,0
DA:337,0
DA:341,0
DA:342,0
DA:345,0
DA:346,0
DA:349,0
DA:350,0
DA:353,0
DA:354,0
DA:358,0
DA:359,0
DA:363,0
DA:364,0
DA:367,0
DA:368,0
DA:372,0
DA:373,0
DA:377,0
DA:378,0
DA:382,0
DA:383,0
DA:389,0
DA:390,0
DA:394,0
DA:395,0
DA:399,0
DA:401,0
DA:405,0
DA:407,0
DA:411,0
DA:413,0
DA:417,0
DA:418,0
DA:425,0
DA:426,0
DA:430,0
DA:431,0
DA:435,0
DA:436,0
DA:440,0
DA:441,0
DA:445,0
DA:446,0
DA:450,0
DA:451,0
DA:454,0
DA:455,0
DA:459,0
DA:460,0
DA:464,0
DA:466,0
DA:470,0
DA:471,0
DA:474,0
DA:475,0
DA:478,0
DA:479,0
DA:482,0
DA:483,0
DA:486,0
DA:487,0
DA:491,0
DA:492,0
DA:495,0
DA:496,0
DA:499,0
DA:500,0
DA:503,0
DA:504,0
DA:507,0
DA:508,0
DA:514,0
DA:515,0
DA:518,0
DA:519,0
DA:522,0
DA:523,0
DA:526,0
DA:527,0
DA:530,0
DA:531,0
DA:535,0
DA:536,0
DA:542,0
DA:543,0
DA:547,0
DA:548,0
DA:552,0
DA:554,0
DA:555,0
DA:559,0
DA:561,0
DA:562,0
DA:566,0
DA:567,0
DA:571,0
DA:572,0
DA:575,0
DA:576,0
DA:580,0
DA:581,0
DA:588,0
DA:589,0
DA:590,0
DA:593,0
DA:596,0
DA:597,0
DA:600,0
LF:185
LH:0
end_of_record
SF:/tmp/ipfs_libp2p/lib/config/defaults.dart
DA:29,0
DA:31,0
DA:34,0
DA:40,0
DA:41,0
DA:44,0
DA:53,0
DA:55,0
DA:56,0
DA:74,0
DA:75,0
DA:76,0
DA:79,0
DA:84,0
DA:88,0
DA:90,0
DA:91,0
DA:92,0
DA:94,0
DA:96,0
DA:106,0
DA:107,0
DA:111,0
DA:112,0
DA:116,0
DA:117,0
DA:118,0
DA:119,0
DA:122,0
DA:128,0
DA:132,0
DA:133,0
DA:141,0
DA:142,0
DA:143,0
DA:146,0
DA:147,0
DA:148,0
DA:149,0
DA:153,0
LF:40
LH:0
end_of_record
SF:/tmp/ipfs_libp2p/lib/config/stream_muxer.dart
DA:15,1
LF:1
LH:1
end_of_record
SF:/tmp/ipfs_libp2p/lib/p2p/host/basic/natmgr.dart
DA:21,0
DA:49,0
DA:54,0
DA:66,0
DA:68,0
DA:69,0
DA:72,0
DA:73,0
DA:74,0
DA:75,0
DA:76,0
DA:82,0
DA:85,0
DA:88,0
DA:89,0
DA:90,0
DA:91,0
DA:93,0
DA:94,0
DA:96,0
DA:97,0
DA:111,0
DA:115,0
DA:116,0
DA:117,0
DA:120,0
DA:123,0
DA:124,0
DA:125,0
DA:126,0
DA:128,0
DA:129,0
DA:130,0
DA:134,0
DA:136,0
DA:137,0
DA:138,0
DA:139,0
DA:140,0
DA:141,0
DA:144,0
DA:146,0
DA:150,0
DA:151,0
DA:153,0
DA:155,0
DA:157,0
DA:159,0
DA:162,0
DA:164,0
DA:168,0
DA:169,0
DA:170,0
DA:171,0
DA:172,0
DA:173,0
DA:175,0
DA:177,0
DA:179,0
DA:186,0
DA:190,0
DA:195,0
DA:196,0
DA:199,0
DA:202,0
DA:203,0
DA:204,0
DA:206,0
DA:207,0
DA:208,0
DA:209,0
DA:210,0
DA:213,0
DA:217,0
DA:218,0
DA:220,0
DA:221,0
DA:222,0
DA:223,0
DA:224,0
DA:228,0
DA:233,0
DA:235,0
DA:237,0
DA:241,0
DA:242,0
DA:250,0
DA:252,0
DA:254,0
DA:257,0
DA:259,0
DA:262,0
DA:265,0
DA:268,0
DA:270,0
LF:95
LH:0
end_of_record
SF:/tmp/ipfs_libp2p/lib/p2p/host/basic/basic_host.dart
DA:60,3
DA:74,4
DA:80,3
DA:81,6
DA:82,3
DA:83,2
DA:90,1
DA:91,2
DA:93,1
DA:97,0
DA:98,0
DA:99,0
DA:100,0
DA:105,1
DA:134,0
DA:173,1
DA:190,1
DA:191,1
DA:192,1
DA:193,1
DA:194,1
DA:198,2
DA:200,1
DA:201,1
DA:203,1
DA:204,1
DA:205,1
DA:208,2
DA:211,1
DA:212,2
DA:215,2
DA:218,4
DA:219,1
DA:222,4
DA:223,1
DA:227,2
DA:228,0
DA:232,2
DA:233,0
DA:234,0
DA:238,3
DA:239,2
DA:240,5
DA:245,1
DA:249,1
DA:252,1
DA:258,1
DA:260,2
DA:261,7
DA:262,2
DA:263,3
DA:267,3
DA:268,2
DA:269,3
DA:270,2
DA:271,3
DA:273,4
DA:274,2
DA:275,3
DA:277,0
DA:283,2
DA:290,2
DA:291,2
DA:292,3
DA:293,2
DA:294,1
DA:295,3
DA:298,2
DA:299,1
DA:302,0
DA:303,0
DA:304,0
DA:313,0
DA:315,0
DA:316,0
DA:323,0
DA:325,0
DA:327,0
DA:330,0
DA:331,0
DA:335,0
DA:342,2
DA:343,3
DA:344,2
DA:345,2
DA:346,3
DA:351,2
DA:352,0
DA:353,0
DA:354,0
DA:355,0
DA:356,0
DA:357,0
DA:361,2
DA:362,0
DA:363,0
DA:365,0
DA:366,0
DA:367,0
DA:368,0
DA:369,0
DA:373,2
DA:374,0
DA:375,0
DA:379,0
DA:382,0
DA:384,0
DA:385,0
DA:390,0
DA:392,0
DA:395,0
DA:397,0
DA:400,0
DA:401,0
DA:402,0
DA:406,0
DA:407,0
DA:411,2
DA:412,2
DA:413,5
DA:414,2
DA:416,1
DA:417,0
DA:418,0
DA:422,2
DA:423,2
DA:424,5
DA:425,2
DA:430,4
DA:431,0
DA:432,0
DA:434,0
DA:435,0
DA:436,0
DA:440,0
DA:445,0
DA:449,0
DA:450,0
DA:452,0
DA:457,3
DA:458,0
DA:459,0
DA:460,0
DA:461,0
DA:465,2
DA:466,0
DA:470,0
DA:471,0
DA:473,0
DA:474,0
DA:475,0
DA:476,0
DA:477,0
DA:480,0
DA:481,0
DA:484,0
DA:485,0
DA:486,0
DA:487,0
DA:488,0
DA:489,0
DA:492,0
DA:493,0
DA:496,0
DA:498,0
DA:502,0
DA:505,0
DA:506,0
DA:507,0
DA:508,0
DA:509,0
DA:510,0
DA:511,0
DA:512,0
DA:515,0
DA:518,0
DA:523,0
DA:524,0
DA:525,0
DA:526,0
DA:527,0
DA:528,0
DA:529,0
DA:531,0
DA:532,0
DA:540,0
DA:541,0
DA:544,2
DA:545,5
DA:547,1
DA:550,1
DA:553,1
DA:557,0
DA:559,0
DA:562,0
DA:563,0
DA:565,0
DA:566,0
DA:569,0
DA:570,0
DA:574,0
DA:575,0
DA:579,0
DA:580,0
DA:581,0
DA:585,0
DA:589,0
DA:590,0
DA:594,0
DA:596,0
DA:600,0
DA:603,0
DA:610,0
DA:611,0
DA:614,0
DA:618,1
DA:619,1
DA:622,3
DA:624,0
DA:627,0
DA:628,0
DA:632,0
DA:635,0
DA:637,0
DA:638,0
DA:641,0
DA:645,3
DA:646,0
DA:649,0
DA:650,0
DA:654,0
DA:657,0
DA:658,0
DA:661,0
DA:665,1
DA:666,3
DA:668,0
DA:669,0
DA:675,1
DA:676,3
DA:677,1
DA:678,1
DA:682,1
DA:687,4
DA:689,2
DA:690,4
DA:692,2
DA:694,3
DA:697,2
DA:698,0
DA:699,0
DA:703,2
DA:704,3
DA:709,2
DA:710,2
DA:712,1
DA:716,1
DA:718,4
DA:720,0
DA:721,0
DA:726,2
DA:727,2
DA:729,0
DA:733,0
DA:734,0
DA:735,0
DA:737,0
DA:738,0
DA:739,0
DA:741,0
DA:742,0
DA:743,0
DA:744,0
DA:745,0
DA:747,0
DA:753,2
DA:754,0
DA:755,1
DA:756,1
DA:757,2
DA:758,5
DA:759,4
DA:763,3
DA:764,3
DA:769,0
DA:773,1
DA:776,1
DA:780,4
DA:781,2
DA:782,4
DA:785,1
DA:790,0
DA:793,0
DA:794,0
DA:795,0
DA:798,0
DA:803,0
DA:804,0
DA:805,0
DA:806,0
DA:809,0
DA:810,0
DA:815,0
DA:816,0
DA:818,0
DA:819,0
DA:820,0
DA:823,0
DA:824,0
DA:828,0
DA:830,0
DA:831,0
DA:832,0
DA:835,0
DA:836,0
DA:837,0
DA:838,0
DA:839,0
DA:841,0
DA:842,0
DA:843,0
DA:844,0
DA:849,1
DA:850,2
DA:851,6
DA:852,2
DA:853,2
DA:858,1
DA:860,2
DA:863,2
DA:866,2
DA:868,1
DA:875,2
DA:876,1
DA:877,1
DA:879,2
DA:880,2
DA:886,0
DA:887,0
DA:890,0
DA:891,0
DA:892,0
DA:898,0
DA:899,0
DA:903,0
DA:904,0
DA:905,0
DA:906,0
DA:909,0
DA:910,0
DA:913,0
DA:914,0
DA:915,0
DA:916,0
DA:920,0
DA:921,0
DA:922,0
DA:927,0
DA:928,0
DA:929,0
DA:930,0
DA:931,0
DA:933,0
DA:934,0
DA:939,0
DA:940,0
DA:941,0
DA:944,0
DA:945,0
DA:946,0
DA:952,0
DA:953,0
DA:959,1
DA:969,1
DA:970,0
DA:973,0
DA:975,0
DA:977,0
DA:981,1
DA:992,1
DA:996,2
DA:997,1
DA:1001,1
DA:1002,0
DA:1003,0
DA:1004,0
DA:1013,1
DA:1014,2
DA:1015,3
DA:1016,2
DA:1017,3
DA:1018,2
DA:1019,3
DA:1020,2
DA:1021,3
DA:1025,1
DA:1026,1
DA:1028,1
DA:1029,1
DA:1031,1
DA:1032,1
DA:1034,0
DA:1035,0
DA:1037,0
DA:1038,0
DA:1040,1
DA:1041,2
DA:1043,1
DA:1044,2
DA:1046,1
DA:1047,3
DA:1049,0
DA:1050,0
DA:1051,0
DA:1054,2
DA:1061,0
DA:1062,0
DA:1066,0
DA:1067,0
DA:1071,0
DA:1072,0
DA:1073,0
DA:1076,0
DA:1077,0
DA:1078,0
DA:1080,0
DA:1081,0
DA:1082,0
DA:1086,0
DA:1087,0
DA:1088,0
DA:1089,0
DA:1093,0
DA:1097,0
DA:1099,0
DA:1100,0
DA:1101,0
DA:1105,0
DA:1106,0
DA:1110,1
DA:1112,1
DA:1115,3
DA:1121,1
DA:1123,3
DA:1125,2
DA:1126,3
DA:1128,2
DA:1132,3
DA:1134,1
DA:1135,0
DA:1142,1
DA:1146,1
DA:1149,2
DA:1151,2
DA:1152,2
DA:1153,0
DA:1155,0
DA:1156,0
DA:1157,0
DA:1158,0
DA:1161,0
DA:1163,0
DA:1164,0
DA:1165,0
DA:1166,0
DA:1169,0
DA:1170,0
DA:1171,0
DA:1172,0
DA:1177,1
DA:1178,1
DA:1182,2
DA:1185,1
DA:1187,2
DA:1189,2
DA:1190,0
DA:1193,0
DA:1194,0
DA:1195,0
DA:1201,0
DA:1202,0
DA:1203,0
DA:1205,0
DA:1206,0
DA:1210,0
DA:1215,0
DA:1217,0
DA:1218,0
DA:1219,0
DA:1222,0
DA:1223,0
DA:1224,0
DA:1225,0
DA:1229,1
DA:1232,1
DA:1234,2
DA:1236,1
DA:1239,2
DA:1242,1
DA:1243,1
DA:1244,4
DA:1248,0
DA:1255,0
DA:1257,0
DA:1259,0
DA:1262,0
DA:1265,0
DA:1266,0
DA:1267,0
DA:1271,1
DA:1273,2
DA:1276,1
DA:1277,1
DA:1278,4
DA:1282,0
DA:1285,0
DA:1286,0
DA:1287,0
DA:1290,0
DA:1291,0
DA:1295,0
DA:1296,0
DA:1297,0
DA:1300,0
DA:1301,0
DA:1302,0
DA:1303,0
DA:1304,0
DA:1306,0
DA:1307,0
DA:1308,0
DA:1309,0
DA:1312,0
DA:1314,0
DA:1318,0
DA:1319,0
DA:1320,0
DA:1322,0
DA:1323,0
DA:1324,0
DA:1326,0
DA:1335,0
DA:1336,0
DA:1337,0
DA:1340,0
DA:1341,0
DA:1342,0
DA:1343,0
DA:1344,0
DA:1345,0
DA:1351,0
DA:1352,0
DA:1353,0
DA:1355,0
DA:1356,0
DA:1360,0
DA:1361,0
DA:1362,0
DA:1363,0
DA:1364,0
DA:1367,0
DA:1368,0
DA:1370,0
DA:1375,0
DA:1381,0
DA:1382,0
DA:1387,0
DA:1388,0
DA:1389,0
DA:1391,0
DA:1392,0
DA:1393,0
DA:1395,0
DA:1400,0
DA:1404,0
DA:1405,0
DA:1406,0
DA:1407,0
DA:1412,0
DA:1413,0
DA:1414,0
DA:1418,0
DA:1423,0
DA:1429,0
DA:1431,0
DA:1432,0
DA:1433,0
DA:1435,0
DA:1436,0
DA:1437,0
DA:1438,0
DA:1444,0
DA:1445,0
DA:1446,0
DA:1447,0
DA:1450,0
DA:1452,0
DA:1453,0
DA:1457,0
DA:1461,1
DA:1463,1
DA:1465,2
DA:1466,1
DA:1469,2
DA:1472,1
DA:1476,1
DA:1480,1
DA:1483,1
DA:1486,2
DA:1489,1
DA:1490,0
DA:1491,0
DA:1492,0
DA:1493,0
DA:1494,0
DA:1495,0
DA:1496,0
DA:1500,1
DA:1501,0
DA:1502,0
DA:1506,1
DA:1507,0
DA:1511,2
DA:1514,2
DA:1517,2
DA:1520,2
DA:1523,2
DA:1527,0
DA:1531,0
DA:1534,0
DA:1537,0
DA:1539,0
DA:1542,0
DA:1543,0
DA:1544,0
DA:1545,0
DA:1549,0
DA:1550,0
DA:1551,0
DA:1553,0
DA:1554,0
DA:1559,0
DA:1560,0
DA:1565,0
DA:1566,0
DA:1570,0
DA:1574,0
DA:1575,0
DA:1576,0
DA:1579,0
DA:1584,0
DA:1585,0
DA:1586,0
DA:1589,0
DA:1591,0
DA:1595,0
DA:1597,0
DA:1598,0
DA:1599,0
DA:1601,0
DA:1610,1
DA:1612,1
DA:1614,2
DA:1617,1
DA:1619,2
DA:1622,1
DA:1625,2
DA:1628,0
DA:1630,0
LF:669
LH:228
end_of_record
SF:/tmp/ipfs_libp2p/lib/p2p/network/swarm/swarm.dart
DA:116,1
DA:132,2
DA:136,1
DA:140,0
DA:141,0
DA:144,1
DA:146,3
DA:147,1
DA:148,1
DA:151,2
DA:152,2
DA:154,1
DA:156,2
DA:159,3
DA:160,1
DA:163,3
DA:164,2
DA:165,1
DA:174,2
DA:175,1
DA:177,1
DA:178,1
DA:182,3
DA:184,2
DA:190,2
DA:192,2
DA:194,1
DA:195,0
DA:217,3
DA:218,2
DA:219,1
DA:225,1
DA:228,2
DA:231,1
DA:233,0
DA:237,0
DA:239,0
DA:240,0
DA:242,0
DA:243,0
DA:244,0
DA:245,0
DA:247,0
DA:248,0
DA:251,0
DA:252,0
DA:255,0
DA:257,0
DA:258,0
DA:261,0
DA:262,0
DA:264,0
DA:265,0
DA:266,0
DA:267,0
DA:268,0
DA:272,0
DA:273,0
DA:277,0
DA:279,0
DA:280,0
DA:284,0
DA:285,0
DA:292,1
DA:294,2
DA:295,3
DA:296,3
DA:298,1
DA:299,0
DA:300,0
DA:301,0
DA:304,2
DA:305,2
DA:306,3
DA:309,2
DA:310,1
DA:317,0
DA:318,0
DA:319,0
DA:324,2
DA:325,4
DA:326,2
DA:327,2
DA:330,1
DA:332,0
DA:333,0
DA:334,0
DA:335,0
DA:340,1
DA:343,2
DA:344,4
DA:345,2
DA:346,2
DA:347,2
DA:348,2
DA:349,2
DA:350,6
DA:351,2
DA:352,4
DA:358,1
DA:359,3
DA:360,2
DA:361,2
DA:362,3
DA:364,0
DA:365,0
DA:369,3
DA:370,2
DA:371,1
DA:377,1
DA:379,2
DA:380,3
DA:384,1
DA:385,2
DA:386,3
DA:388,3
DA:396,3
DA:399,0
DA:400,0
DA:401,0
DA:402,0
DA:403,0
DA:411,0
DA:412,0
DA:413,0
DA:414,0
DA:416,0
DA:417,0
DA:421,0
DA:422,0
DA:432,2
DA:434,1
DA:437,0
DA:438,0
DA:439,0
DA:443,0
DA:444,0
DA:446,0
DA:451,2
DA:454,1
DA:457,2
DA:459,2
DA:460,1
DA:461,1
DA:463,1
DA:464,1
DA:471,1
DA:472,1
DA:473,2
DA:478,2
DA:479,2
DA:480,2
DA:483,1
DA:485,0
DA:487,0
DA:488,0
DA:489,0
DA:490,0
DA:492,0
DA:493,0
DA:494,0
DA:495,0
DA:498,0
DA:499,0
DA:500,0
DA:501,0
DA:502,0
DA:508,3
DA:509,2
DA:510,3
DA:512,3
DA:513,2
DA:514,4
DA:517,4
DA:518,4
DA:519,2
DA:523,2
DA:524,0
DA:525,0
DA:526,0
DA:530,3
DA:531,2
DA:532,1
DA:536,1
DA:539,0
DA:540,0
DA:543,0
DA:544,0
DA:547,0
DA:549,0
DA:550,0
DA:553,0
DA:555,0
DA:556,0
DA:557,0
DA:558,1
DA:560,2
DA:561,2
DA:562,2
DA:563,1
DA:564,1
DA:565,1
DA:570,1
DA:574,2
DA:577,2
DA:578,1
DA:583,1
DA:585,1
DA:588,1
DA:597,2
DA:598,1
DA:600,3
DA:607,3
DA:609,0
DA:610,0
DA:611,0
DA:615,1
DA:622,2
DA:624,1
DA:627,2
DA:629,0
DA:630,0
DA:631,0
DA:635,1
DA:636,1
DA:638,1
DA:639,0
DA:640,0
DA:641,0
DA:647,1
DA:650,2
DA:651,4
DA:652,2
DA:656,0
DA:657,0
DA:658,0
DA:662,1
DA:663,0
DA:664,0
DA:667,0
DA:669,2
DA:670,3
DA:676,1
DA:683,2
DA:685,1
DA:686,3
DA:690,0
DA:693,0
DA:698,0
DA:703,0
DA:705,0
DA:708,0
DA:709,0
DA:712,0
DA:714,0
DA:715,0
DA:719,0
DA:720,0
DA:721,0
DA:722,0
DA:723,0
DA:724,0
DA:726,0
DA:731,0
DA:732,0
DA:734,0
DA:735,0
DA:741,0
DA:748,0
DA:749,0
DA:750,0
DA:753,0
DA:754,0
DA:758,1
DA:759,1
DA:761,1
DA:762,1
DA:764,1
DA:765,1
DA:767,1
DA:769,2
DA:770,4
DA:773,1
DA:774,0
DA:778,2
DA:779,0
DA:780,0
DA:784,1
DA:785,3
DA:789,3
DA:790,2
DA:794,0
DA:795,0
DA:797,0
DA:798,0
DA:799,0
DA:800,0
DA:801,0
DA:802,0
DA:805,0
DA:806,0
DA:809,0
DA:810,0
DA:815,3
DA:816,3
DA:818,2
DA:819,2
DA:821,1
DA:822,0
DA:823,0
DA:826,0
DA:827,0
DA:829,0
DA:830,0
DA:831,0
DA:832,0
DA:833,0
DA:834,0
DA:836,0
DA:841,0
DA:842,0
DA:843,0
DA:844,0
DA:846,0
DA:848,0
DA:849,0
DA:853,0
DA:854,0
DA:856,0
DA:857,0
DA:858,0
DA:859,0
DA:862,0
DA:863,0
DA:869,0
DA:870,0
DA:871,0
DA:872,0
DA:875,0
DA:877,0
DA:879,0
DA:880,0
DA:886,0
DA:889,0
DA:890,0
DA:891,0
DA:893,0
DA:894,0
DA:897,2
DA:898,2
DA:901,3
DA:902,1
DA:903,0
DA:904,0
DA:905,0
DA:910,2
DA:911,2
DA:914,0
DA:915,0
DA:919,1
DA:922,1
DA:925,2
DA:926,1
DA:927,1
DA:930,1
DA:931,1
DA:935,1
DA:936,2
DA:937,0
DA:942,3
DA:943,1
DA:944,3
DA:945,0
DA:946,0
DA:948,0
DA:949,0
DA:950,0
DA:951,0
DA:961,1
DA:963,1
DA:964,0
DA:965,0
DA:966,0
DA:972,1
DA:973,2
DA:974,2
DA:977,1
DA:978,1
DA:982,3
DA:983,2
DA:989,0
DA:990,0
DA:992,0
DA:993,0
DA:995,0
DA:996,0
DA:997,0
DA:998,0
DA:1002,4
DA:1003,1
DA:1007,1
DA:1010,2
DA:1015,1
DA:1016,1
DA:1017,3
DA:1020,2
DA:1023,1
DA:1026,2
DA:1029,2
DA:1030,1
DA:1031,1
DA:1033,1
DA:1034,1
DA:1041,2
DA:1042,2
DA:1046,3
DA:1047,2
DA:1048,5
DA:1051,4
DA:1052,4
DA:1053,2
DA:1057,2
DA:1058,2
DA:1059,2
DA:1062,3
DA:1063,2
DA:1064,1
DA:1069,1
DA:1071,2
DA:1072,2
DA:1075,0
DA:1076,0
DA:1077,0
DA:1082,1
DA:1084,3
DA:1088,2
DA:1089,1
DA:1096,0
DA:1100,1
DA:1103,2
DA:1106,1
DA:1107,1
DA:1110,2
DA:1111,1
DA:1115,0
DA:1117,0
DA:1118,0
DA:1119,0
DA:1120,0
DA:1124,0
DA:1125,0
DA:1129,1
DA:1131,1
DA:1132,3
DA:1134,1
DA:1139,2
DA:1140,1
DA:1148,0
DA:1150,0
DA:1152,0
DA:1154,0
DA:1155,0
DA:1157,0
DA:1158,0
DA:1166,0
DA:1168,0
DA:1170,0
DA:1171,0
DA:1172,0
DA:1173,0
DA:1181,0
DA:1183,0
DA:1184,0
DA:1186,0
DA:1189,1
DA:1191,3
DA:1192,2
DA:1196,0
DA:1198,0
DA:1199,0
DA:1203,0
DA:1206,0
DA:1207,0
DA:1216,0
DA:1217,0
DA:1219,0
DA:1220,0
DA:1221,0
DA:1223,0
DA:1224,0
DA:1229,0
DA:1230,0
DA:1231,0
DA:1238,1
DA:1239,1
DA:1242,1
DA:1243,2
DA:1246,3
DA:1247,2
DA:1248,1
DA:1254,1
DA:1255,1
DA:1256,1
DA:1259,2
DA:1264,2
DA:1278,1
DA:1280,1
DA:1282,2
DA:1283,1
DA:1285,0
DA:1287,0
DA:1288,0
DA:1289,0
DA:1292,0
DA:1293,0
DA:1296,1
DA:1303,1
DA:1304,2
DA:1310,0
DA:1312,0
DA:1317,0
DA:1318,0
DA:1321,0
DA:1322,0
DA:1323,0
DA:1328,0
DA:1329,0
DA:1330,0
DA:1331,0
DA:1336,0
DA:1346,0
DA:1352,1
DA:1354,2
DA:1355,2
DA:1356,2
DA:1358,2
DA:1359,3
DA:1362,1
DA:1363,0
DA:1364,0
DA:1365,0
DA:1372,0
DA:1377,0
DA:1378,0
DA:1379,0
DA:1380,0
DA:1381,0
DA:1385,0
DA:1386,0
DA:1387,0
DA:1388,0
DA:1390,0
DA:1396,0
DA:1397,0
DA:1398,0
DA:1399,0
DA:1400,0
DA:1404,0
DA:1407,0
DA:1408,0
DA:1410,0
DA:1411,0
DA:1418,0
DA:1423,0
DA:1428,0
DA:1430,0
DA:1433,0
DA:1438,0
DA:1439,0
DA:1441,0
DA:1444,0
DA:1445,0
DA:1446,0
DA:1449,0
DA:1457,0
DA:1459,0
DA:1466,0
DA:1467,0
DA:1470,0
DA:1478,0
DA:1479,0
DA:1485,1
DA:1486,2
DA:1487,1
DA:1492,0
DA:1493,0
DA:1494,0
DA:1500,0
DA:1501,0
DA:1502,0
DA:1503,0
DA:1510,1
DA:1512,1
DA:1516,1
DA:1517,2
DA:1518,0
DA:1520,0
DA:1521,0
DA:1522,0
DA:1523,0
DA:1524,0
DA:1537,0
DA:1538,0
DA:1547,0
DA:1548,0
DA:1549,0
DA:1550,0
DA:1551,0
DA:1555,0
DA:1561,0
DA:1562,0
DA:1564,0
DA:1565,0
DA:1569,0
DA:1572,0
DA:1573,0
DA:1576,0
DA:1577,0
DA:1579,0
DA:1580,0
DA:1581,0
DA:1582,0
DA:1584,0
DA:1585,0
DA:1592,0
DA:1593,0
DA:1595,0
DA:1600,0
DA:1601,0
DA:1602,0
DA:1603,0
DA:1605,0
DA:1606,0
DA:1609,0
DA:1611,0
DA:1612,0
DA:1613,0
DA:1614,0
DA:1615,0
DA:1616,0
DA:1617,0
DA:1619,0
DA:1626,0
DA:1627,0
DA:1628,0
DA:1630,0
DA:1632,0
DA:1633,0
DA:1634,0
DA:1638,0
DA:1639,0
DA:1641,0
DA:1642,0
DA:1643,0
DA:1646,0
DA:1647,0
DA:1653,0
DA:1654,0
DA:1656,0
DA:1657,0
DA:1660,0
DA:1661,0
DA:1662,0
LF:663
LH:271
end_of_record
SF:/tmp/ipfs_libp2p/lib/p2p/host/peerstore/pstoremem/peerstore.dart
DA:26,1
DA:32,1
DA:33,1
DA:34,1
DA:35,1
DA:36,1
DA:38,1
DA:39,1
DA:41,1
DA:42,1
DA:44,0
DA:45,0
DA:47,1
DA:48,1
DA:50,1
DA:51,1
DA:53,1
DA:58,0
DA:60,0
DA:63,0
DA:68,0
DA:69,0
DA:73,0
DA:74,0
DA:77,0
DA:78,0
DA:79,0
DA:85,0
DA:87,0
DA:88,0
DA:89,0
DA:90,0
DA:94,0
DA:102,0
DA:106,0
DA:110,0
DA:111,0
DA:116,0
DA:118,0
DA:119,0
DA:120,0
DA:122,0
DA:123,0
DA:124,0
DA:128,0
DA:130,0
DA:131,0
DA:138,0
DA:145,0
LF:49
LH:15
end_of_record
SF:/tmp/ipfs_libp2p/lib/p2p/host/resource_manager/resource_manager_impl.dart
DA:24,2
DA:27,2
DA:49,1
DA:50,0
DA:51,4
DA:52,2
DA:54,2
DA:55,2
DA:57,2
DA:59,2
DA:71,1
DA:72,2
DA:75,1
DA:76,2
DA:77,0
DA:81,0
DA:82,0
DA:84,0
DA:85,0
DA:86,0
DA:87,0
DA:88,0
DA:95,0
DA:96,0
DA:97,0
DA:98,0
DA:99,0
DA:100,0
DA:101,0
DA:110,0
DA:113,1
DA:120,2
DA:122,6
DA:123,1
DA:130,2
DA:136,1
DA:138,0
DA:139,0
DA:145,4
DA:149,1
DA:154,1
DA:156,2
DA:158,6
DA:159,1
DA:165,1
DA:167,1
DA:172,1
DA:174,0
DA:175,0
DA:181,2
DA:182,3
DA:187,1
DA:188,3
DA:189,3
DA:191,1
DA:192,2
DA:194,2
DA:196,1
DA:202,1
DA:203,3
DA:204,3
DA:206,1
DA:207,2
DA:209,2
DA:211,1
DA:217,1
DA:218,3
DA:219,3
DA:221,1
DA:222,2
DA:224,2
DA:226,1
DA:231,0
DA:233,0
DA:236,0
DA:238,0
DA:241,0
DA:244,0
DA:248,0
DA:254,0
DA:257,0
DA:259,0
DA:262,1
DA:266,1
DA:268,1
DA:271,0
DA:273,0
DA:274,0
DA:278,0
DA:279,0
DA:280,0
DA:284,0
DA:285,0
DA:286,0
DA:289,0
DA:290,0
DA:293,0
DA:294,0
DA:295,0
DA:298,0
DA:299,0
LF:101
LH:54
end_of_record
SF:/tmp/ipfs_libp2p/lib/p2p/host/resource_manager/limiter.dart
DA:41,1
DA:42,1
DA:43,1
DA:44,1
DA:45,1
DA:46,1
DA:47,1
DA:48,1
DA:49,1
DA:50,1
DA:51,1
DA:56,2
DA:57,1
DA:63,2
DA:65,1
DA:66,1
DA:68,1
DA:69,1
DA:71,0
DA:72,0
DA:74,0
DA:75,0
DA:77,1
DA:80,1
DA:83,1
DA:86,1
DA:89,1
DA:92,1
DA:95,1
DA:98,1
DA:101,1
DA:104,1
DA:107,1
DA:110,1
DA:113,1
DA:116,1
LF:36
LH:32
end_of_record
SF:/tmp/ipfs_libp2p/lib/p2p/transport/basic_upgrader.dart
DA:38,1
DA:40,0
DA:41,0
DA:43,1
DA:44,2
DA:46,0
DA:47,0
DA:49,1
DA:51,0
DA:52,2
DA:55,0
DA:61,0
DA:62,0
DA:64,1
DA:65,2
DA:67,1
DA:68,2
DA:70,0
DA:71,0
DA:73,1
DA:76,0
DA:78,0
DA:79,1
DA:81,1
DA:82,1
DA:83,1
DA:84,0
DA:86,0
DA:87,0
DA:89,0
DA:91,0
DA:94,0
DA:95,0
DA:96,0
DA:97,0
DA:101,0
DA:103,0
DA:104,0
DA:105,0
DA:108,0
DA:110,0
DA:111,0
DA:112,0
DA:115,0
DA:117,0
DA:132,1
DA:148,1
DA:149,2
DA:151,0
DA:152,0
DA:154,0
DA:155,0
DA:157,1
DA:158,2
DA:160,0
DA:161,0
DA:163,1
DA:168,2
DA:169,1
DA:173,0
DA:174,0
DA:179,0
DA:181,0
DA:185,1
DA:187,2
DA:190,1
DA:191,1
DA:193,0
DA:194,0
DA:196,1
DA:197,2
DA:199,0
DA:200,0
DA:203,2
DA:206,0
DA:207,0
DA:208,0
DA:211,0
DA:213,0
DA:216,0
DA:220,0
DA:223,0
DA:225,0
DA:226,0
DA:228,0
DA:236,0
DA:239,0
DA:240,0
DA:241,0
DA:242,0
DA:248,1
DA:249,2
DA:251,0
DA:253,0
DA:254,0
DA:256,0
DA:264,1
DA:266,1
DA:276,1
DA:278,0
DA:281,1
DA:282,1
DA:283,1
DA:287,1
DA:289,5
DA:291,1
DA:293,1
DA:297,0
DA:298,0
DA:299,0
DA:303,2
DA:304,3
DA:305,0
DA:306,0
DA:309,1
DA:311,1
DA:312,5
DA:314,1
DA:316,1
DA:319,0
DA:320,0
DA:321,0
DA:325,2
DA:326,3
DA:327,0
DA:328,0
DA:332,2
DA:337,2
DA:338,2
DA:341,1
DA:348,1
DA:349,2
DA:351,0
DA:352,0
DA:354,1
DA:356,1
DA:362,1
DA:366,0
DA:371,1
DA:379,1
DA:381,0
DA:388,1
DA:390,1
DA:392,1
DA:393,2
DA:394,0
DA:395,0
DA:398,2
DA:399,2
DA:400,1
DA:401,1
DA:402,1
DA:406,1
DA:407,1
DA:409,2
DA:410,3
DA:411,0
DA:412,0
DA:415,1
DA:417,1
DA:419,1
DA:420,1
DA:421,2
DA:422,0
DA:423,0
DA:425,2
DA:426,3
DA:427,1
DA:428,1
DA:433,1
DA:434,1
DA:436,2
DA:437,3
DA:438,0
DA:439,0
DA:443,2
DA:448,2
DA:449,2
DA:452,1
DA:459,1
DA:460,2
DA:462,0
DA:463,0
DA:465,1
DA:468,1
DA:469,1
DA:470,2
DA:471,1
DA:475,1
DA:481,1
DA:485,0
LF:191
LH:100
end_of_record
SF:/tmp/ipfs_libp2p/lib/core/record/record_registry.dart
DA:68,0
DA:71,0
DA:74,0
DA:76,0
DA:77,0
DA:81,0
DA:82,0
DA:86,0
DA:87,0
DA:88,0
DA:91,0
DA:94,0
DA:98,0
DA:99,0
DA:101,0
DA:104,0
DA:106,0
DA:109,0
DA:110,0
DA:111,0
LF:20
LH:0
end_of_record
SF:/tmp/ipfs_libp2p/lib/core/peer/pb/peer_record.pb.dart
DA:23,0
DA:26,0
DA:27,0
DA:31,0
DA:33,0
DA:35,0
DA:36,0
DA:38,0
DA:40,0
DA:44,0
DA:46,0
DA:48,0
DA:49,0
DA:50,0
DA:53,0
DA:56,0
DA:57,0
DA:59,0
DA:60,0
DA:61,0
DA:62,0
DA:63,0
DA:65,0
DA:68,0
DA:69,0
DA:70,0
DA:71,0
DA:72,0
DA:73,0
DA:74,0
DA:75,0
DA:87,0
DA:92,0
DA:93,0
DA:94,0
DA:95,0
DA:99,0
DA:101,0
DA:103,0
DA:104,0
DA:106,0
DA:108,0
DA:112,0
DA:114,0
DA:116,0
DA:118,0
DA:120,0
DA:121,0
DA:122,0
DA:124,0
DA:126,0
DA:127,0
DA:129,0
DA:130,0
DA:131,0
DA:132,0
DA:133,0
DA:135,0
DA:139,0
DA:140,0
DA:141,0
DA:142,0
DA:143,0
DA:144,0
DA:145,0
DA:146,0
DA:149,0
DA:150,0
DA:151,0
DA:152,0
DA:153,0
DA:154,0
DA:155,0
DA:156,0
DA:159,0
DA:160,0
LF:76
LH:0
end_of_record
SF:/tmp/ipfs_libp2p/lib/core/peer/record.dart
DA:19,0
DA:20,0
DA:45,0
DA:53,0
DA:54,0
DA:55,0
DA:56,0
DA:57,0
DA:63,0
DA:64,0
DA:65,0
DA:66,0
DA:67,0
DA:72,0
DA:73,0
DA:74,0
DA:75,0
DA:78,0
DA:84,0
DA:89,0
DA:90,0
DA:112,0
DA:114,0
DA:115,0
DA:116,0
DA:117,0
DA:118,0
DA:120,0
DA:127,0
DA:129,0
DA:130,0
DA:132,0
DA:137,0
DA:138,0
DA:139,0
DA:140,0
DA:142,0
DA:143,0
DA:149,0
DA:150,0
DA:151,0
DA:152,0
DA:153,0
DA:157,0
DA:160,0
DA:161,0
DA:164,0
DA:167,0
DA:168,0
DA:172,0
DA:175,0
DA:176,0
DA:177,0
DA:180,0
DA:181,0
LF:55
LH:0
end_of_record
SF:/tmp/ipfs_libp2p/lib/p2p/protocol/autonatv2/options.dart
DA:38,0
DA:47,0
DA:50,0
DA:60,0
DA:61,0
DA:62,0
DA:63,0
DA:64,0
DA:65,0
DA:66,0
DA:69,0
DA:70,0
DA:80,0
DA:81,0
DA:89,0
DA:90,0
DA:94,0
DA:95,0
DA:99,0
DA:100,0
DA:104,0
DA:105,0
DA:106,0
DA:110,0
DA:111,0
LF:25
LH:0
end_of_record
SF:/tmp/ipfs_libp2p/lib/p2p/host/autonat/ambient_config.dart
DA:25,18
LF:1
LH:1
end_of_record
SF:/tmp/ipfs_libp2p/lib/core/crypto/ed25519.dart
DA:10,5
DA:13,2
DA:14,4
DA:15,0
DA:18,2
DA:23,2
DA:27,1
DA:28,1
DA:30,2
DA:31,0
DA:33,3
DA:36,5
DA:39,5
DA:41,15
DA:44,5
DA:46,5
DA:47,5
DA:48,5
DA:50,5
DA:53,1
DA:55,1
DA:56,2
DA:57,1
DA:60,1
DA:62,1
DA:65,1
DA:66,1
DA:68,3
DA:70,3
DA:71,3
DA:85,4
DA:88,4
DA:90,4
DA:91,4
DA:92,4
DA:93,4
DA:97,1
DA:101,1
DA:102,2
DA:103,0
DA:106,1
DA:108,2
DA:112,0
DA:115,0
DA:118,0
DA:121,0
DA:124,1
DA:125,1
DA:127,1
DA:128,1
DA:133,0
DA:134,0
DA:136,0
DA:137,0
DA:141,0
DA:143,0
DA:147,0
DA:148,0
DA:149,0
DA:153,0
DA:156,0
DA:164,0
DA:165,0
DA:166,0
DA:167,0
DA:170,0
DA:173,0
DA:175,0
DA:176,0
DA:181,0
DA:186,0
DA:188,0
DA:191,0
DA:193,0
DA:195,0
DA:196,0
DA:200,0
DA:203,1
DA:206,3
DA:208,1
DA:210,2
DA:213,0
DA:215,0
DA:216,0
DA:219,0
DA:222,0
DA:224,0
DA:228,0
DA:229,0
DA:230,0
DA:233,0
DA:238,0
DA:239,0
DA:240,0
DA:241,0
DA:243,0
DA:244,0
DA:246,0
DA:250,4
DA:251,4
DA:252,4
DA:253,4
DA:255,4
DA:256,4
DA:258,4
DA:263,0
DA:264,0
DA:266,0
DA:267,0
DA:273,0
DA:274,0
DA:278,4
DA:279,4
LF:113
LH:56
end_of_record
SF:/tmp/ipfs_libp2p/lib/p2p/security/noise/noise_protocol.dart
DA:20,3
DA:27,0
DA:29,0
DA:31,0
DA:43,1
DA:46,1
DA:48,1
DA:49,2
DA:51,0
DA:52,0
DA:54,1
DA:61,1
DA:62,3
DA:63,4
DA:64,3
DA:65,1
DA:66,1
DA:70,1
DA:71,1
DA:72,2
DA:73,0
DA:75,4
DA:76,1
DA:77,1
DA:78,2
DA:79,0
DA:80,0
DA:88,1
DA:89,1
DA:90,4
DA:93,2
DA:94,1
DA:95,1
DA:97,4
DA:99,1
DA:104,1
DA:108,1
DA:110,1
DA:111,0
DA:112,1
DA:113,0
DA:115,1
DA:116,2
DA:119,2
DA:120,1
DA:121,1
DA:123,1
DA:124,2
DA:126,0
DA:128,1
DA:131,1
DA:133,1
DA:136,2
DA:137,1
DA:145,2
DA:146,4
DA:147,1
DA:150,1
DA:151,4
DA:152,1
DA:155,1
DA:156,0
DA:160,2
DA:163,1
DA:164,1
DA:165,1
DA:166,2
DA:167,2
DA:168,1
DA:170,2
DA:171,2
DA:174,1
DA:175,1
DA:176,1
DA:177,1
DA:179,1
DA:181,1
DA:182,1
DA:188,0
DA:189,0
DA:190,0
DA:194,1
DA:196,1
DA:199,2
DA:200,1
DA:208,1
DA:209,4
DA:210,1
DA:213,1
DA:214,1
DA:215,1
DA:216,2
DA:217,2
DA:218,1
DA:221,1
DA:222,4
DA:223,1
DA:226,1
DA:227,0
DA:231,2
DA:233,2
DA:234,2
DA:236,1
DA:237,1
DA:238,1
DA:239,1
DA:242,1
DA:244,1
DA:245,1
DA:251,0
DA:252,0
DA:253,0
DA:267,0
DA:268,0
DA:271,1
DA:275,0
DA:279,0
LF:117
LH:94
end_of_record
SF:/tmp/ipfs_libp2p/lib/p2p/host/eventbus/basic.dart
DA:21,1
DA:23,0
DA:24,0
DA:30,0
DA:31,0
DA:32,0
DA:35,0
DA:36,0
DA:40,1
DA:42,1
DA:44,0
DA:45,0
DA:50,1
DA:51,0
DA:52,0
DA:54,0
DA:55,0
DA:56,0
DA:58,0
DA:64,1
DA:65,4
DA:68,4
DA:69,0
DA:72,2
DA:75,1
DA:76,1
DA:77,1
DA:79,1
DA:83,1
DA:84,1
DA:85,1
DA:88,2
DA:89,2
DA:90,3
DA:92,1
DA:93,1
DA:95,1
DA:97,1
DA:98,2
DA:99,1
DA:100,2
DA:105,1
DA:111,1
DA:113,1
DA:114,2
DA:115,0
DA:118,1
DA:120,2
DA:121,1
DA:127,2
DA:128,2
DA:129,1
DA:130,1
DA:132,1
DA:135,1
DA:136,1
DA:137,1
DA:144,0
DA:146,0
DA:149,1
DA:151,3
DA:153,2
DA:154,3
DA:157,3
DA:158,1
DA:162,0
DA:166,1
DA:167,3
DA:173,4
DA:178,3
DA:191,1
DA:199,1
DA:201,1
DA:202,0
DA:205,4
DA:206,0
DA:207,0
DA:210,2
DA:211,2
DA:213,1
DA:216,1
DA:218,1
DA:219,0
DA:221,1
DA:223,4
DA:224,3
DA:225,3
DA:226,3
DA:236,1
DA:241,0
DA:242,0
DA:249,0
DA:256,0
DA:258,0
DA:259,0
DA:260,0
DA:262,0
DA:263,0
DA:266,0
DA:267,0
DA:268,0
DA:269,0
DA:277,1
DA:278,3
DA:289,1
DA:299,1
DA:300,1
DA:301,2
DA:303,1
DA:305,1
DA:310,1
DA:312,3
DA:313,1
DA:315,1
DA:316,1
DA:318,2
DA:319,2
DA:322,2
DA:324,2
DA:325,3
DA:326,2
DA:327,7
DA:328,1
DA:329,4
DA:330,3
DA:334,2
DA:335,2
DA:350,1
DA:352,1
DA:353,2
DA:356,1
DA:357,3
DA:358,1
DA:359,1
DA:364,2
DA:365,2
DA:366,2
DA:368,2
DA:369,2
DA:384,1
DA:387,0
DA:388,0
DA:389,0
DA:390,0
DA:394,0
DA:396,0
DA:397,0
DA:401,1
DA:402,2
DA:404,0
DA:406,0
DA:407,0
DA:408,0
DA:410,0
DA:411,0
DA:414,0
DA:415,0
DA:422,1
DA:424,0
LF:159
LH:106
end_of_record
SF:/tmp/ipfs_libp2p/lib/p2p/transport/connection_manager.dart
DA:30,0
DA:31,0
DA:32,0
DA:35,1
DA:41,1
DA:42,2
DA:46,1
DA:47,2
DA:48,2
DA:49,3
DA:52,1
DA:53,1
DA:57,1
DA:59,2
DA:61,0
DA:64,1
DA:68,1
DA:74,2
DA:75,3
DA:78,1
DA:79,1
DA:83,1
DA:84,1
DA:85,1
DA:90,1
DA:91,2
DA:92,0
DA:95,1
DA:98,2
DA:99,2
DA:100,1
DA:105,0
DA:106,0
DA:109,0
DA:110,0
DA:114,1
DA:115,2
DA:121,2
DA:126,1
DA:130,1
DA:131,2
DA:132,0
DA:133,0
DA:134,0
DA:135,0
DA:142,3
DA:143,1
DA:145,0
DA:146,0
DA:151,1
DA:152,1
DA:155,2
DA:156,0
DA:160,0
DA:161,0
DA:168,1
DA:169,3
DA:170,1
DA:171,3
DA:176,1
DA:177,3
DA:178,1
DA:182,1
DA:183,3
DA:184,4
DA:185,0
DA:186,0
DA:187,0
DA:193,1
DA:195,2
DA:196,2
DA:197,1
DA:201,0
DA:202,0
DA:203,0
DA:208,0
DA:209,0
DA:210,0
DA:216,1
DA:217,3
DA:218,2
DA:219,2
DA:220,3
DA:221,2
DA:222,2
DA:226,1
DA:227,1
DA:228,2
DA:229,0
DA:231,2
DA:232,2
DA:233,2
DA:234,2
DA:235,0
DA:237,2
DA:242,0
DA:244,0
DA:247,0
DA:248,0
DA:250,0
DA:251,0
DA:252,0
DA:254,0
DA:258,0
DA:259,0
DA:263,0
DA:265,0
DA:267,0
DA:268,0
DA:270,0
DA:271,0
DA:272,0
DA:274,0
DA:279,0
DA:281,0
DA:283,0
DA:284,0
DA:285,0
DA:286,0
DA:288,0
DA:289,0
DA:290,0
DA:292,0
DA:295,0
DA:296,0
DA:300,0
DA:302,0
DA:305,0
DA:308,0
DA:309,0
DA:310,0
DA:311,0
DA:312,0
DA:314,0
DA:315,0
DA:316,0
DA:322,0
DA:324,0
DA:325,0
DA:326,0
DA:331,0
DA:332,0
DA:333,0
DA:336,0
DA:337,0
DA:339,0
DA:341,0
DA:342,0
DA:343,0
DA:346,0
DA:348,0
DA:350,0
DA:351,0
DA:356,0
DA:358,0
DA:363,0
DA:364,0
DA:367,0
DA:370,0
DA:372,0
DA:373,0
DA:375,0
DA:376,0
DA:382,1
DA:384,1
LF:165
LH:68
end_of_record
SF:/tmp/ipfs_libp2p/lib/config/multistream_config.dart
DA:44,18
DA:56,1
DA:68,1
DA:80,1
DA:90,1
DA:100,1
DA:101,0
DA:102,0
DA:104,1
DA:105,1
DA:106,1
DA:107,1
DA:108,1
DA:109,1
DA:113,0
DA:115,0
DA:116,0
DA:117,0
DA:118,0
DA:119,0
DA:120,0
DA:121,0
DA:122,0
DA:123,0
DA:127,0
DA:130,0
DA:131,0
DA:132,0
DA:133,0
DA:134,0
DA:135,0
DA:136,0
DA:137,0
DA:138,0
DA:141,0
DA:143,0
DA:144,0
DA:145,0
DA:146,0
DA:147,0
DA:148,0
DA:149,0
DA:150,0
DA:151,0
LF:44
LH:12
end_of_record
SF:/tmp/ipfs_libp2p/lib/core/certified_addr_book.dart
DA:62,0
DA:63,0
LF:2
LH:0
end_of_record
SF:/tmp/ipfs_libp2p/lib/core/record/envelope.dart
DA:35,0
DA:41,0
DA:45,0
DA:46,0
DA:47,0
DA:48,0
DA:50,0
DA:51,0
DA:54,0
DA:55,0
DA:58,0
DA:59,0
DA:60,0
DA:62,0
DA:63,0
DA:64,0
DA:65,0
DA:72,1
DA:74,1
DA:75,0
DA:77,0
DA:84,0
DA:86,0
DA:88,0
DA:90,0
DA:91,0
DA:100,0
DA:101,0
DA:102,0
DA:103,0
DA:104,0
DA:105,0
DA:106,0
DA:108,0
DA:113,0
DA:115,0
DA:116,0
DA:117,0
DA:123,0
DA:124,0
DA:126,0
DA:128,0
DA:130,0
DA:132,0
DA:133,0
DA:135,0
DA:139,0
DA:140,0
DA:145,0
DA:146,0
DA:147,0
DA:149,0
DA:154,0
DA:156,0
DA:160,0
DA:161,0
DA:162,0
DA:163,0
DA:164,0
DA:168,0
DA:170,0
DA:171,0
DA:172,0
DA:173,0
DA:174,0
DA:180,0
DA:181,0
DA:182,0
DA:183,0
DA:191,1
DA:192,1
DA:193,0
DA:195,0
DA:197,0
DA:198,0
DA:199,0
LF:76
LH:4
end_of_record
SF:/tmp/ipfs_libp2p/lib/core/event/addrs.dart
DA:37,0
DA:89,0
DA:95,0
LF:3
LH:0
end_of_record
SF:/tmp/ipfs_libp2p/lib/core/event/identify.dart
DA:43,0
DA:49,1
DA:69,0
DA:75,0
LF:4
LH:1
end_of_record
SF:/tmp/ipfs_libp2p/lib/core/event/nattype.dart
DA:46,0
DA:52,0
LF:2
LH:0
end_of_record
SF:/tmp/ipfs_libp2p/lib/core/event/protocol.dart
DA:20,0
DA:26,0
DA:43,0
DA:49,1
LF:4
LH:1
end_of_record
SF:/tmp/ipfs_libp2p/lib/core/event/reachability.dart
DA:28,0
DA:34,1
LF:2
LH:1
end_of_record
SF:/tmp/ipfs_libp2p/lib/core/network/connection_context.dart
DA:43,1
DA:53,1
DA:54,1
DA:57,1
DA:61,1
DA:69,0
DA:73,0
DA:82,0
DA:89,0
DA:100,0
DA:101,0
DA:102,0
DA:103,0
DA:104,0
DA:105,0
DA:106,0
DA:107,0
DA:108,0
DA:109,0
DA:110,0
DA:113,0
DA:115,0
DA:116,0
DA:117,0
DA:118,0
DA:119,0
DA:120,0
DA:122,0
DA:123,0
DA:125,0
DA:126,0
LF:31
LH:5
end_of_record
SF:/tmp/ipfs_libp2p/lib/core/protocol/autonatv2/autonatv2.dart
DA:22,0
DA:36,0
DA:84,0
LF:3
LH:0
end_of_record
SF:/tmp/ipfs_libp2p/lib/p2p/protocol/autonatv2/pb/autonatv2.pb.dart
DA:33,0
DA:39,0
DA:40,0
DA:41,0
DA:42,0
DA:43,0
DA:47,0
DA:49,0
DA:51,0
DA:52,0
DA:54,0
DA:63,0
DA:67,0
DA:68,0
DA:70,0
DA:72,0
DA:74,0
DA:76,0
DA:78,0
DA:79,0
DA:80,0
DA:82,0
DA:84,0
DA:85,0
DA:87,0
DA:88,0
DA:89,0
DA:90,0
DA:91,0
DA:93,0
DA:96,0
DA:100,0
DA:101,0
DA:105,0
DA:107,0
DA:108,0
DA:109,0
DA:110,0
DA:111,0
DA:112,0
DA:113,0
DA:114,0
DA:115,0
DA:116,0
DA:118,0
DA:119,0
DA:120,0
DA:121,0
DA:122,0
DA:123,0
DA:124,0
DA:125,0
DA:126,0
DA:127,0
DA:129,0
DA:130,0
DA:131,0
DA:132,0
DA:133,0
DA:134,0
DA:135,0
DA:136,0
DA:137,0
DA:138,0
DA:140,0
DA:141,0
DA:142,0
DA:143,0
DA:144,0
DA:145,0
DA:146,0
DA:147,0
DA:148,0
DA:149,0
DA:153,0
DA:157,0
DA:158,0
DA:159,0
DA:163,0
DA:165,0
DA:167,0
DA:168,0
DA:170,0
DA:172,0
DA:176,0
DA:178,0
DA:180,0
DA:182,0
DA:183,0
DA:184,0
DA:186,0
DA:189,0
DA:190,0
DA:192,0
DA:193,0
DA:194,0
DA:195,0
DA:196,0
DA:198,0
DA:201,0
DA:202,0
DA:204,0
DA:205,0
DA:206,0
DA:207,0
DA:208,0
DA:209,0
DA:210,0
DA:211,0
DA:215,0
DA:219,0
DA:220,0
DA:221,0
DA:225,0
DA:227,0
DA:229,0
DA:230,0
DA:232,0
DA:234,0
DA:238,0
DA:240,0
DA:243,0
DA:245,0
DA:246,0
DA:247,0
DA:249,0
DA:252,0
DA:253,0
DA:255,0
DA:256,0
DA:257,0
DA:258,0
DA:259,0
DA:261,0
DA:264,0
DA:265,0
DA:266,0
DA:267,0
DA:268,0
DA:269,0
DA:270,0
DA:271,0
DA:273,0
DA:274,0
DA:275,0
DA:276,0
DA:277,0
DA:278,0
DA:279,0
DA:280,0
DA:284,0
DA:289,0
DA:290,0
DA:291,0
DA:292,0
DA:296,0
DA:298,0
DA:300,0
DA:301,0
DA:303,0
DA:305,0
DA:309,0
DA:311,0
DA:313,0
DA:315,0
DA:317,0
DA:318,0
DA:319,0
DA:321,0
DA:324,0
DA:325,0
DA:327,0
DA:328,0
DA:329,0
DA:330,0
DA:331,0
DA:333,0
DA:336,0
DA:337,0
DA:338,0
DA:339,0
DA:340,0
DA:341,0
DA:342,0
DA:343,0
DA:345,0
DA:346,0
DA:347,0
DA:348,0
DA:349,0
DA:350,0
DA:351,0
DA:352,0
DA:354,0
DA:355,0
DA:356,0
DA:357,0
DA:358,0
DA:359,0
DA:360,0
DA:361,0
DA:365,0
DA:368,0
DA:369,0
DA:373,0
DA:375,0
DA:377,0
DA:378,0
DA:380,0
DA:382,0
DA:386,0
DA:388,0
DA:390,0
DA:391,0
DA:392,0
DA:394,0
DA:397,0
DA:398,0
DA:400,0
DA:401,0
DA:402,0
DA:403,0
DA:404,0
DA:406,0
DA:409,0
DA:410,0
DA:411,0
DA:412,0
DA:413,0
DA:414,0
DA:415,0
DA:416,0
DA:420,0
DA:423,0
DA:424,0
DA:428,0
DA:430,0
DA:432,0
DA:433,0
DA:435,0
DA:437,0
DA:441,0
DA:443,0
DA:445,0
DA:446,0
DA:447,0
DA:449,0
DA:451,0
DA:452,0
DA:454,0
DA:455,0
DA:456,0
DA:457,0
DA:458,0
DA:460,0
DA:463,0
DA:464,0
DA:465,0
DA:466,0
DA:467,0
DA:468,0
DA:469,0
DA:470,0
DA:474,0
DA:477,0
DA:478,0
DA:482,0
DA:484,0
DA:486,0
DA:487,0
DA:489,0
DA:491,0
DA:495,0
DA:497,0
DA:499,0
DA:500,0
DA:501,0
DA:503,0
DA:506,0
DA:507,0
DA:509,0
DA:510,0
DA:511,0
DA:512,0
DA:513,0
DA:515,0
DA:518,0
DA:519,0
DA:520,0
DA:521,0
DA:522,0
DA:523,0
DA:524,0
DA:525,0
LF:294
LH:0
end_of_record
SF:/tmp/ipfs_libp2p/lib/core/crypto/pb/crypto.pb.dart
DA:24,5
DA:28,5
DA:29,5
DA:30,5
DA:34,5
DA:36,1
DA:38,2
DA:39,0
DA:41,0
DA:43,15
DA:47,5
DA:51,5
DA:55,0
DA:56,0
DA:57,0
DA:59,0
DA:61,5
DA:62,5
DA:64,5
DA:65,5
DA:66,0
DA:67,0
DA:68,0
DA:70,0
DA:73,1
DA:74,1
DA:75,5
DA:76,5
DA:77,0
DA:78,0
DA:79,0
DA:80,0
DA:82,1
DA:83,1
DA:84,5
DA:85,5
DA:86,0
DA:87,0
DA:88,0
DA:89,0
DA:93,0
DA:97,0
DA:98,0
DA:99,0
DA:103,0
DA:105,0
DA:107,0
DA:108,0
DA:110,0
DA:112,0
DA:116,0
DA:120,0
DA:124,0
DA:125,0
DA:126,0
DA:128,0
DA:130,0
DA:131,0
DA:133,0
DA:134,0
DA:135,0
DA:136,0
DA:137,0
DA:139,0
DA:142,0
DA:143,0
DA:144,0
DA:145,0
DA:146,0
DA:147,0
DA:148,0
DA:149,0
DA:151,0
DA:152,0
DA:153,0
DA:154,0
DA:155,0
DA:156,0
DA:157,0
DA:158,0
LF:80
LH:22
end_of_record
SF:/tmp/ipfs_libp2p/lib/core/record/pb/envelope.pb.dart
DA:29,0
DA:35,0
DA:36,0
DA:37,0
DA:38,0
DA:39,0
DA:43,1
DA:45,1
DA:47,2
DA:48,0
DA:50,0
DA:52,3
DA:56,1
DA:58,1
DA:60,1
DA:62,1
DA:65,0
DA:66,0
DA:67,0
DA:69,0
DA:71,1
DA:72,1
DA:74,1
DA:75,1
DA:76,0
DA:77,0
DA:78,0
DA:80,0
DA:85,0
DA:86,0
DA:87,0
DA:88,0
DA:89,0
DA:90,0
DA:91,0
DA:92,0
DA:93,0
DA:94,0
DA:98,0
DA:99,0
DA:100,0
DA:101,0
DA:102,0
DA:103,0
DA:104,0
DA:105,0
DA:108,0
DA:109,0
DA:110,0
DA:111,0
DA:112,0
DA:113,0
DA:114,0
DA:115,0
DA:120,0
DA:121,0
DA:122,0
DA:123,0
DA:124,0
DA:125,0
DA:126,0
DA:127,0
LF:62
LH:12
end_of_record
SF:/tmp/ipfs_libp2p/lib/utils/varint.dart
DA:4,0
DA:5,0
DA:6,0
DA:9,0
DA:10,0
DA:11,0
DA:12,0
DA:15,0
DA:16,0
DA:19,0
DA:23,0
DA:28,0
DA:29,0
DA:30,0
DA:31,0
DA:34,0
DA:35,0
DA:38,0
LF:18
LH:0
end_of_record
SF:/tmp/ipfs_libp2p/lib/p2p/host/autonat/ambient_autonat_v2.dart
DA:16,0
DA:48,0
DA:51,0
DA:56,0
DA:62,0
DA:67,0
DA:70,0
DA:72,0
DA:74,0
DA:77,0
DA:78,0
DA:82,0
DA:83,0
DA:85,0
DA:86,0
DA:89,0
DA:92,0
DA:93,0
DA:95,0
DA:96,0
DA:98,0
DA:99,0
DA:101,0
DA:102,0
DA:103,0
DA:107,0
DA:108,0
DA:111,0
DA:114,0
DA:115,0
DA:116,0
DA:117,0
DA:120,0
DA:124,0
DA:125,0
DA:128,0
DA:129,0
DA:132,0
DA:134,0
DA:135,0
DA:138,0
DA:140,0
DA:141,0
DA:142,0
DA:147,0
DA:149,0
DA:151,0
DA:156,0
DA:157,0
DA:159,0
DA:160,0
DA:161,0
DA:163,0
DA:167,0
DA:168,0
DA:170,0
DA:173,0
DA:174,0
DA:176,0
DA:177,0
DA:178,0
DA:180,0
DA:181,0
DA:183,0
DA:184,0
DA:186,0
DA:189,0
DA:192,0
DA:194,0
DA:195,0
DA:196,0
DA:202,0
DA:206,0
DA:208,0
DA:212,0
DA:213,0
DA:216,0
DA:217,0
DA:218,0
DA:222,0
DA:227,0
DA:228,0
DA:229,0
DA:230,0
DA:233,0
DA:236,0
DA:237,0
DA:238,0
DA:241,0
DA:242,0
DA:243,0
DA:244,0
DA:246,0
DA:250,0
DA:253,0
DA:254,0
DA:257,0
DA:260,0
DA:263,0
DA:264,0
DA:266,0
DA:268,0
DA:269,0
DA:270,0
DA:271,0
DA:272,0
DA:273,0
DA:274,0
DA:275,0
DA:277,0
DA:279,0
DA:280,0
DA:281,0
DA:282,0
DA:284,0
DA:285,0
DA:286,0
DA:287,0
DA:289,0
DA:290,0
DA:291,0
DA:292,0
DA:294,0
DA:296,0
DA:297,0
DA:298,0
DA:299,0
DA:300,0
DA:301,0
DA:302,0
DA:307,0
DA:308,0
DA:310,0
DA:313,0
DA:314,0
DA:317,0
DA:322,0
DA:323,0
DA:324,0
DA:326,0
DA:329,0
DA:332,0
DA:334,0
DA:336,0
DA:340,0
DA:341,0
LF:146
LH:0
end_of_record
SF:/tmp/ipfs_libp2p/lib/p2p/host/autorelay/autorelay.dart
DA:19,1
DA:21,0
DA:28,3
DA:47,1
DA:49,1
DA:51,2
DA:52,1
DA:53,3
DA:61,1
DA:62,1
DA:65,1
DA:66,2
DA:68,2
DA:70,2
DA:73,3
DA:75,2
DA:80,4
DA:81,2
DA:82,2
DA:83,3
DA:84,0
DA:86,2
DA:90,1
DA:93,3
DA:95,4
DA:96,2
DA:101,3
DA:102,2
DA:103,1
DA:109,1
DA:110,2
DA:113,3
DA:114,2
DA:115,1
DA:116,2
DA:118,1
DA:119,2
DA:120,4
DA:121,2
DA:122,2
DA:123,2
DA:125,3
DA:126,0
DA:128,2
DA:131,2
DA:132,3
DA:133,0
DA:135,2
DA:137,1
DA:139,0
DA:140,0
DA:141,1
DA:142,2
DA:146,1
DA:147,4
DA:149,0
DA:152,1
DA:155,0
DA:156,0
DA:157,0
DA:159,0
DA:160,0
DA:162,0
DA:163,0
DA:168,0
DA:169,0
DA:174,0
DA:175,0
DA:176,0
DA:177,0
DA:180,0
DA:184,0
DA:190,0
DA:192,0
DA:193,0
DA:194,0
LF:76
LH:50
end_of_record
SF:/tmp/ipfs_libp2p/lib/p2p/transport/upgrader.dart
DA:21,0
DA:26,0
DA:27,0
LF:3
LH:0
end_of_record
SF:/tmp/ipfs_libp2p/lib/p2p/host/autorelay/autorelay_config.dart
DA:30,0
DA:31,0
DA:34,0
DA:35,0
DA:36,0
DA:37,0
DA:38,0
DA:39,0
DA:40,0
DA:49,0
DA:50,0
DA:52,0
DA:54,0
DA:55,0
DA:56,0
DA:60,0
DA:62,0
DA:63,0
DA:64,0
DA:70,18
DA:72,2
DA:73,2
DA:75,0
DA:76,0
DA:78,0
DA:79,0
DA:96,2
DA:118,2
DA:119,0
DA:122,6
DA:123,0
DA:124,0
DA:126,4
DA:127,0
DA:132,6
DA:143,0
DA:153,0
DA:154,0
DA:156,0
DA:161,0
DA:162,0
DA:163,0
DA:174,2
DA:175,6
DA:176,1
DA:177,1
DA:179,5
DA:180,2
DA:181,3
DA:183,1
DA:184,1
DA:187,1
DA:188,0
DA:190,1
LF:54
LH:19
end_of_record
SF:/tmp/ipfs_libp2p/lib/p2p/host/autorelay/relay_finder.dart
DA:37,0
DA:45,6
DA:74,3
DA:81,2
DA:82,2
DA:83,4
DA:84,4
DA:85,2
DA:86,4
DA:87,8
DA:88,8
DA:89,12
DA:90,12
DA:94,1
DA:95,1
DA:96,2
DA:99,2
DA:100,1
DA:101,2
DA:102,2
DA:103,1
DA:104,3
DA:105,4
DA:106,1
DA:108,2
DA:111,1
DA:112,4
DA:113,2
DA:114,2
DA:115,2
DA:116,2
DA:118,2
DA:119,2
DA:120,2
DA:121,2
DA:122,2
DA:124,1
DA:125,1
DA:128,1
DA:129,4
DA:130,3
DA:131,4
DA:133,3
DA:134,4
DA:138,1
DA:139,3
DA:140,4
DA:142,3
DA:143,4
DA:145,2
DA:146,3
DA:149,1
DA:150,5
DA:151,1
DA:152,1
DA:154,2
DA:155,1
DA:156,1
DA:158,3
DA:159,0
DA:160,0
DA:163,1
DA:165,2
DA:166,1
DA:167,2
DA:168,1
DA:171,4
DA:172,0
DA:175,1
DA:176,2
DA:177,2
DA:181,1
DA:182,1
DA:183,4
DA:184,4
DA:185,3
DA:186,0
DA:190,1
DA:191,2
DA:193,3
DA:194,0
DA:195,0
DA:196,0
DA:197,0
DA:198,0
DA:200,0
DA:203,3
DA:204,0
DA:205,0
DA:206,0
DA:207,0
DA:208,0
DA:211,3
DA:212,0
DA:213,0
DA:214,0
DA:215,0
DA:216,0
DA:219,3
DA:220,2
DA:221,0
DA:222,0
DA:223,0
DA:224,0
DA:225,0
DA:226,0
DA:227,0
DA:228,0
DA:232,0
DA:233,0
DA:237,5
DA:238,3
DA:239,3
DA:241,2
DA:242,0
DA:245,3
DA:249,1
DA:250,2
DA:251,5
DA:252,4
DA:253,2
DA:254,1
DA:257,1
DA:260,1
DA:262,3
DA:265,5
DA:266,3
DA:267,7
DA:268,2
DA:269,4
DA:271,1
DA:272,1
DA:273,5
DA:274,6
DA:276,0
DA:279,5
DA:280,3
DA:281,0
DA:285,1
DA:286,2
DA:287,3
DA:289,0
DA:290,0
DA:292,5
DA:294,3
DA:296,0
DA:297,0
DA:298,0
DA:301,0
DA:303,0
DA:309,4
DA:311,0
DA:314,2
DA:315,3
DA:316,1
DA:317,2
DA:319,2
DA:320,1
DA:322,1
DA:323,1
DA:325,2
DA:328,1
DA:329,5
DA:333,2
DA:334,0
DA:336,0
DA:337,0
DA:338,0
DA:339,0
DA:350,1
DA:351,0
DA:357,1
DA:358,5
DA:360,2
DA:362,0
DA:363,0
DA:366,4
DA:367,0
DA:368,0
DA:369,0
DA:370,0
DA:374,0
DA:375,0
DA:376,0
DA:377,0
DA:378,0
DA:379,0
DA:381,0
DA:385,1
DA:386,4
DA:387,0
DA:389,4
DA:390,0
DA:394,0
DA:395,0
DA:396,0
DA:397,0
DA:401,0
DA:402,0
DA:403,0
DA:404,0
DA:405,0
DA:406,0
DA:407,0
DA:410,0
DA:411,0
DA:414,0
DA:420,0
DA:421,0
DA:423,0
DA:424,0
DA:425,0
DA:427,0
DA:428,0
DA:433,0
DA:434,0
DA:435,0
DA:436,0
DA:437,0
DA:439,0
DA:440,0
DA:441,0
DA:443,0
DA:444,0
DA:445,0
DA:446,0
DA:448,0
DA:450,0
DA:451,0
DA:452,0
DA:457,0
DA:458,0
DA:459,0
DA:461,0
DA:463,0
DA:464,0
DA:468,0
DA:469,0
DA:474,0
DA:475,0
DA:477,0
DA:481,0
DA:485,0
DA:486,0
DA:487,0
DA:488,0
DA:489,0
DA:490,0
DA:495,0
DA:500,0
DA:502,0
DA:504,0
DA:505,0
DA:506,0
DA:507,0
DA:511,0
DA:512,0
DA:513,0
DA:514,0
DA:515,0
DA:517,0
DA:521,0
DA:523,0
DA:526,0
DA:530,0
DA:531,0
DA:532,0
DA:533,0
DA:534,0
DA:535,0
DA:536,0
DA:537,0
DA:539,0
DA:542,0
DA:543,0
DA:549,0
DA:550,0
DA:552,0
DA:553,0
DA:554,0
DA:555,0
DA:556,0
DA:557,0
DA:559,0
DA:563,0
DA:564,0
DA:567,0
DA:571,1
DA:572,3
DA:575,4
DA:576,1
DA:577,0
DA:580,0
DA:581,0
DA:582,0
DA:583,0
DA:588,0
DA:589,0
DA:590,0
DA:591,0
DA:596,3
DA:597,1
DA:598,1
DA:602,0
DA:603,0
DA:605,0
DA:606,0
DA:608,0
DA:609,0
DA:611,1
DA:612,4
DA:616,1
DA:617,3
DA:618,2
DA:620,2
DA:621,1
DA:624,3
DA:626,0
DA:627,0
DA:628,0
DA:630,0
DA:633,0
DA:634,0
DA:635,0
DA:636,0
DA:640,0
DA:641,0
DA:642,0
DA:643,0
DA:644,0
DA:645,0
DA:649,2
DA:650,6
DA:651,12
DA:652,9
DA:653,5
DA:654,2
DA:657,2
DA:658,4
DA:659,3
DA:660,2
DA:661,6
DA:665,10
DA:668,5
DA:669,4
DA:671,1
DA:672,5
DA:674,2
DA:678,2
DA:679,0
DA:687,1
DA:688,1
DA:689,4
DA:690,0
DA:694,3
DA:697,2
DA:698,5
DA:699,1
DA:700,1
DA:701,3
DA:703,0
DA:708,12
DA:709,4
DA:710,6
DA:712,4
DA:713,10
DA:714,4
DA:722,1
DA:724,3
DA:725,2
DA:727,1
DA:731,1
DA:733,3
DA:734,2
DA:739,0
DA:741,0
DA:742,0
DA:749,0
DA:750,0
DA:751,0
DA:756,1
DA:761,1
DA:762,1
DA:763,1
DA:764,1
DA:765,1
DA:766,1
DA:768,1
DA:769,2
DA:770,1
DA:773,2
DA:774,2
DA:775,1
DA:776,1
DA:777,1
DA:780,1
LF:396
LH:201
end_of_record
SF:/tmp/ipfs_libp2p/lib/p2p/host/autorelay/autorelay_metrics.dart
DA:17,2
DA:25,4
DA:26,2
DA:27,2
DA:28,2
DA:29,2
DA:56,18
DA:58,1
DA:60,1
DA:62,1
DA:64,0
DA:66,2
DA:68,1
DA:70,0
DA:72,1
DA:74,1
DA:76,1
DA:78,1
DA:80,1
DA:88,2
DA:90,4
DA:92,1
DA:94,2
DA:97,1
DA:99,2
DA:102,1
DA:104,2
DA:107,0
DA:109,0
DA:112,2
DA:114,4
DA:117,1
DA:119,2
DA:122,0
DA:124,0
DA:127,1
DA:129,2
DA:132,1
DA:134,2
DA:137,1
DA:139,2
DA:142,1
DA:144,2
DA:147,1
DA:149,2
LF:45
LH:39
end_of_record
SF:/tmp/ipfs_libp2p/lib/p2p/host/autorelay/autorelay_address_utils.dart
DA:8,0
DA:9,0
DA:10,0
DA:12,0
DA:13,0
DA:17,0
DA:18,0
DA:22,0
DA:23,0
DA:27,0
DA:31,0
DA:34,0
DA:35,0
DA:37,0
DA:38,0
DA:39,0
DA:40,0
DA:48,0
DA:51,0
DA:55,0
DA:58,0
DA:60,0
DA:62,0
DA:68,0
DA:69,0
DA:72,0
DA:73,0
DA:76,0
DA:79,0
DA:80,0
DA:82,0
DA:83,0
DA:84,0
DA:87,0
DA:95,0
DA:98,0
DA:101,0
DA:103,0
DA:104,0
DA:107,0
DA:108,0
DA:109,0
DA:112,0
DA:113,0
DA:114,0
DA:115,0
DA:120,0
DA:121,0
DA:122,0
DA:123,0
DA:125,0
DA:129,0
DA:130,0
DA:137,0
DA:138,0
DA:139,0
DA:142,0
DA:143,0
LF:58
LH:0
end_of_record
SF:/tmp/ipfs_libp2p/lib/p2p/multiaddr/protocol.dart
DA:11,27
DA:19,4
DA:22,26
DA:30,0
DA:31,0
DA:32,0
DA:33,0
DA:34,0
DA:35,0
DA:37,0
DA:38,0
DA:42,0
DA:43,0
DA:158,26
DA:161,1
DA:162,2
DA:163,3
DA:164,0
DA:169,0
DA:172,0
LF:20
LH:7
end_of_record
SF:/tmp/ipfs_libp2p/lib/p2p/protocol/circuitv2/client/client.dart
DA:31,3
DA:78,1
DA:86,1
DA:88,3
DA:89,2
DA:90,2
DA:93,1
DA:94,2
DA:95,2
DA:96,1
DA:97,2
DA:102,0
DA:103,0
DA:110,0
DA:113,0
DA:115,0
DA:116,0
DA:119,0
DA:125,0
DA:126,0
DA:127,0
DA:128,0
DA:129,0
DA:130,0
DA:135,0
DA:136,0
DA:137,0
DA:138,0
DA:140,0
DA:145,0
DA:148,0
DA:151,0
DA:152,0
DA:155,0
DA:166,0
DA:168,0
DA:169,0
DA:170,0
DA:174,0
DA:176,0
DA:177,0
DA:179,0
DA:183,0
DA:184,0
DA:185,0
DA:189,0
DA:190,0
DA:202,0
DA:207,0
DA:208,0
DA:214,0
DA:216,0
DA:219,0
DA:221,0
DA:225,0
DA:226,0
DA:227,0
DA:228,0
DA:229,0
DA:235,0
DA:238,0
DA:243,0
DA:245,0
DA:246,0
DA:252,0
DA:253,0
DA:254,0
DA:257,0
DA:264,0
DA:265,0
DA:266,0
DA:269,0
DA:270,0
DA:271,0
DA:272,0
DA:274,0
DA:278,0
DA:280,0
DA:281,0
DA:287,0
DA:291,0
DA:292,0
DA:297,1
DA:299,3
DA:302,1
DA:307,1
DA:308,3
DA:309,4
DA:311,1
DA:317,2
DA:319,1
DA:324,0
DA:325,0
DA:326,0
DA:332,0
DA:333,0
DA:336,0
DA:340,0
DA:341,0
DA:343,0
DA:344,0
DA:345,0
DA:347,0
DA:355,0
DA:359,0
DA:365,0
DA:368,0
DA:369,0
DA:372,0
DA:373,0
DA:378,0
DA:379,0
DA:381,0
DA:382,0
DA:387,0
DA:388,0
DA:389,0
DA:390,0
DA:394,0
DA:401,0
DA:404,0
DA:405,0
DA:406,0
DA:407,0
DA:409,0
DA:411,0
DA:412,0
DA:413,0
DA:417,0
DA:418,0
DA:419,0
DA:422,0
DA:423,0
DA:424,0
DA:429,0
DA:430,0
DA:431,0
DA:433,0
DA:438,0
DA:439,0
DA:442,0
DA:443,0
DA:444,0
DA:446,0
DA:447,0
DA:449,0
DA:451,0
DA:452,0
DA:453,0
DA:456,0
DA:457,0
DA:458,0
DA:461,0
DA:466,0
DA:469,0
DA:470,0
DA:471,0
DA:477,0
DA:478,0
DA:481,0
DA:486,0
DA:488,0
DA:489,0
DA:494,0
DA:495,0
DA:496,0
DA:498,0
DA:501,0
DA:502,0
DA:503,0
DA:517,0
DA:520,0
DA:521,0
DA:522,0
DA:529,0
DA:533,0
DA:538,0
DA:549,0
DA:550,0
DA:553,0
DA:560,0
DA:561,0
DA:563,0
DA:565,0
DA:568,1
DA:570,1
DA:571,2
DA:573,1
DA:574,3
DA:575,4
DA:580,2
DA:582,1
DA:583,3
DA:584,4
DA:589,2
DA:592,3
DA:595,8
DA:601,1
DA:606,2
DA:610,0
DA:612,0
DA:614,0
DA:615,0
DA:618,0
DA:623,1
DA:624,1
DA:627,1
DA:628,1
DA:631,1
DA:635,1
DA:636,1
DA:638,2
DA:639,3
DA:647,1
DA:648,1
DA:650,0
DA:652,0
DA:657,1
DA:659,3
DA:661,1
DA:662,1
DA:676,0
DA:681,0
DA:682,0
DA:683,0
DA:684,0
DA:687,0
DA:688,0
DA:689,0
DA:692,0
DA:693,0
DA:694,0
DA:695,0
DA:701,0
DA:702,0
DA:704,0
DA:706,0
DA:710,0
DA:717,0
DA:718,0
DA:720,0
DA:722,0
DA:723,0
DA:724,0
DA:725,0
DA:726,0
DA:729,0
DA:730,0
DA:732,0
DA:735,0
LF:250
LH:50
end_of_record
SF:/tmp/ipfs_libp2p/lib/p2p/protocol/circuitv2/client/reservation.dart
DA:28,0
DA:30,0
DA:32,0
DA:40,0
DA:42,0
DA:43,0
DA:48,0
DA:49,0
DA:54,0
DA:55,0
DA:56,0
DA:57,0
DA:63,0
DA:65,0
DA:66,0
DA:78,0
DA:80,0
DA:81,0
DA:87,0
DA:93,0
DA:98,0
DA:99,0
DA:100,0
DA:103,0
DA:106,0
DA:111,0
DA:114,0
DA:115,0
DA:116,0
DA:117,0
DA:119,0
DA:120,0
DA:123,0
DA:124,0
DA:126,0
DA:127,0
DA:130,0
DA:133,0
DA:134,0
DA:135,0
DA:137,0
DA:140,0
DA:141,0
DA:146,0
DA:147,0
DA:149,0
DA:151,0
DA:152,0
DA:155,0
DA:158,0
DA:159,0
DA:161,0
DA:162,0
DA:167,0
DA:168,0
DA:175,0
DA:176,0
DA:177,0
DA:178,0
DA:180,0
DA:181,0
DA:185,0
DA:194,0
DA:197,0
DA:200,0
DA:203,0
DA:215,0
DA:217,0
DA:221,0
DA:223,0
DA:224,0
DA:226,0
DA:228,0
DA:229,0
DA:234,0
DA:239,0
DA:240,0
DA:265,1
LF:78
LH:1
end_of_record
SF:/tmp/ipfs_libp2p/lib/p2p/protocol/multistream/multistream.dart
DA:20,9
DA:25,1
DA:28,1
DA:29,2
DA:36,1
DA:39,1
DA:40,2
DA:58,2
DA:79,3
DA:84,9
DA:87,9
DA:90,2
DA:91,4
DA:94,2
DA:96,4
DA:99,2
DA:102,6
DA:103,2
DA:104,6
DA:112,2
DA:114,6
DA:115,2
DA:119,2
DA:120,8
DA:121,8
DA:122,4
DA:128,2
DA:130,6
DA:131,10
DA:135,2
DA:136,6
DA:137,4
DA:138,4
DA:146,2
DA:150,4
DA:152,2
DA:153,4
DA:154,2
DA:155,2
DA:156,2
DA:157,1
DA:158,1
DA:159,1
DA:160,1
DA:164,4
DA:166,4
DA:167,4
DA:171,4
DA:173,2
DA:174,4
DA:175,2
DA:178,4
DA:179,2
DA:180,2
DA:183,2
DA:184,1
DA:185,2
DA:186,2
DA:187,1
DA:192,4
DA:193,2
DA:194,4
DA:195,4
DA:196,2
DA:199,4
DA:200,2
DA:201,2
DA:204,2
DA:205,1
DA:206,1
DA:211,2
DA:216,2
DA:221,0
DA:228,2
DA:231,2
DA:232,0
DA:233,0
DA:238,4
DA:239,2
DA:240,4
DA:241,2
DA:242,4
DA:243,2
DA:245,0
DA:246,0
DA:247,0
DA:252,2
DA:257,2
DA:258,2
DA:259,4
DA:260,0
DA:262,0
DA:263,0
DA:267,0
DA:268,0
DA:270,0
DA:271,0
DA:273,0
DA:274,0
DA:285,3
DA:287,3
DA:288,3
DA:293,7
DA:300,6
DA:303,3
DA:305,2
DA:306,0
DA:307,0
DA:308,0
DA:312,5
DA:313,2
DA:314,2
DA:316,4
DA:317,2
DA:319,2
DA:321,4
DA:324,1
DA:329,1
DA:330,1
DA:331,1
DA:336,2
DA:338,1
DA:341,2
DA:343,1
DA:349,3
DA:352,9
DA:355,15
DA:356,6
DA:357,3
DA:358,12
DA:359,12
DA:362,3
DA:366,3
DA:367,3
DA:368,6
DA:375,3
DA:378,6
DA:380,3
DA:381,2
DA:382,1
DA:383,2
DA:384,4
DA:386,2
DA:387,2
DA:392,0
DA:393,0
DA:394,0
DA:398,0
DA:399,0
DA:404,0
DA:405,0
DA:409,3
DA:412,3
DA:413,0
DA:417,6
DA:418,3
DA:419,2
DA:420,1
DA:427,3
DA:428,3
DA:431,3
DA:434,3
DA:435,6
DA:436,0
DA:437,0
DA:442,3
DA:444,3
DA:447,2
DA:448,2
DA:452,2
DA:453,1
DA:455,1
DA:459,1
DA:463,6
DA:464,2
DA:466,4
DA:467,0
DA:468,0
DA:471,2
DA:472,6
DA:476,3
DA:477,0
DA:478,0
DA:481,3
DA:483,2
DA:484,0
DA:485,0
DA:487,0
DA:490,2
DA:495,3
DA:496,3
DA:497,3
DA:498,3
DA:499,2
DA:507,3
DA:513,3
DA:514,2
DA:515,0
DA:516,0
DA:519,0
DA:521,0
DA:523,0
DA:524,0
DA:527,0
DA:530,0
DA:532,0
DA:534,2
DA:535,2
DA:536,2
DA:539,2
DA:540,1
DA:542,3
DA:547,2
DA:548,4
DA:549,1
DA:551,1
DA:552,2
DA:553,2
DA:554,1
DA:557,2
DA:558,1
DA:559,1
DA:562,2
LF:223
LH:179
end_of_record
SF:/tmp/ipfs_libp2p/lib/p2p/protocol/identify/identify.dart
DA:59,0
DA:60,0
DA:61,0
DA:64,6
DA:103,2
DA:111,1
DA:112,4
DA:114,3
DA:119,1
DA:128,0
DA:141,0
DA:142,0
DA:143,0
DA:147,0
DA:148,0
DA:159,0
DA:167,5
DA:171,4
DA:172,5
DA:177,5
DA:181,4
DA:182,5
DA:268,2
DA:271,1
DA:272,1
DA:273,1
DA:274,1
DA:276,1
DA:278,2
DA:279,2
DA:285,2
DA:287,4
DA:288,4
DA:289,0
DA:290,0
DA:291,0
DA:295,6
DA:296,6
DA:299,1
DA:302,1
DA:303,3
DA:304,1
DA:305,3
DA:306,1
DA:307,3
DA:310,4
DA:313,3
DA:314,3
DA:317,1
DA:320,2
DA:323,1
DA:326,1
DA:327,2
DA:329,5
DA:336,2
DA:339,4
DA:341,2
DA:345,2
DA:346,2
DA:347,1
DA:349,2
DA:355,2
DA:359,1
DA:360,0
DA:363,2
DA:366,3
DA:367,2
DA:372,4
DA:374,2
DA:378,2
DA:380,1
DA:384,1
DA:385,2
DA:386,6
DA:387,2
DA:388,2
DA:389,4
DA:390,3
DA:391,1
DA:392,5
DA:395,5
DA:396,2
DA:397,3
DA:401,1
DA:402,2
DA:406,1
DA:407,3
DA:409,3
DA:413,3
DA:414,1
DA:422,2
DA:423,2
DA:429,4
DA:430,1
DA:432,2
DA:433,6
DA:438,1
DA:439,4
DA:440,2
DA:441,3
DA:442,1
DA:444,0
DA:447,1
DA:450,2
DA:451,3
DA:454,1
DA:459,0
DA:461,0
DA:462,0
DA:463,0
DA:464,0
DA:468,0
DA:469,0
DA:471,0
DA:473,0
DA:475,0
DA:477,0
DA:479,0
DA:484,0
DA:489,0
DA:490,0
DA:493,0
DA:495,0
DA:496,0
DA:497,0
DA:500,0
DA:506,1
DA:508,2
DA:513,1
DA:514,3
DA:515,2
DA:516,0
DA:517,0
DA:520,0
DA:526,0
DA:527,0
DA:528,0
DA:534,1
DA:537,1
DA:539,0
DA:545,0
DA:546,0
DA:553,0
DA:558,0
DA:559,0
DA:562,0
DA:567,0
DA:569,0
DA:571,0
DA:577,0
DA:579,0
DA:580,0
DA:581,0
DA:584,0
DA:591,0
DA:592,0
DA:597,0
DA:598,0
DA:601,0
DA:608,0
DA:609,0
DA:610,0
DA:619,0
DA:623,0
DA:627,0
DA:630,0
DA:633,0
DA:634,0
DA:635,0
DA:636,0
DA:637,0
DA:638,0
DA:639,0
DA:640,0
DA:641,0
DA:647,0
DA:648,0
DA:649,0
DA:650,0
DA:651,0
DA:656,0
DA:657,0
DA:658,0
DA:663,0
DA:664,0
DA:669,1
DA:671,1
DA:672,5
DA:675,1
DA:678,2
DA:679,2
DA:680,2
DA:681,3
DA:683,3
DA:685,2
DA:687,2
DA:690,0
DA:691,0
DA:692,0
DA:697,3
DA:699,2
DA:700,1
DA:701,2
DA:702,2
DA:706,0
DA:707,0
DA:708,0
DA:711,0
DA:712,0
DA:713,0
DA:714,0
DA:715,0
DA:716,0
DA:717,0
DA:721,0
DA:722,0
DA:723,0
DA:724,0
DA:728,0
DA:729,0
DA:730,0
DA:731,0
DA:733,0
DA:741,0
DA:742,0
DA:743,0
DA:748,0
DA:749,0
DA:750,0
DA:753,0
DA:760,1
DA:761,2
DA:762,4
DA:763,1
DA:767,0
DA:768,0
DA:769,0
DA:770,0
DA:771,0
DA:772,0
DA:773,0
DA:777,1
DA:778,2
DA:780,2
DA:781,2
DA:783,2
DA:784,2
DA:786,2
DA:787,1
DA:788,2
DA:790,0
DA:791,0
DA:792,0
DA:793,0
DA:794,0
DA:798,2
DA:799,1
DA:801,4
DA:802,2
DA:803,6
DA:805,2
DA:807,1
DA:810,0
DA:811,0
DA:812,0
DA:814,2
DA:819,2
DA:820,4
DA:821,1
DA:822,2
DA:823,1
DA:825,1
DA:826,0
DA:827,0
DA:830,2
DA:831,1
DA:832,3
DA:833,3
DA:835,2
DA:836,2
DA:837,2
DA:839,0
DA:840,0
DA:844,2
DA:845,1
DA:846,1
DA:847,2
DA:848,1
DA:850,2
DA:851,1
DA:853,0
DA:854,0
DA:855,0
DA:860,1
DA:862,2
DA:863,3
DA:864,1
DA:865,1
DA:866,1
DA:867,6
DA:868,2
DA:869,2
DA:870,3
DA:872,1
DA:873,2
DA:874,2
DA:875,2
DA:876,0
DA:877,0
DA:878,0
DA:881,3
DA:883,2
DA:884,4
DA:886,6
DA:888,0
DA:889,0
DA:890,0
DA:892,0
DA:893,0
DA:897,1
DA:898,1
DA:899,2
DA:900,5
DA:902,0
DA:903,0
DA:906,2
DA:907,2
DA:908,2
DA:909,4
DA:914,1
DA:916,2
DA:917,4
DA:918,1
DA:919,0
DA:926,3
DA:929,2
DA:935,0
DA:936,0
DA:937,0
DA:944,0
DA:945,0
DA:946,0
DA:949,0
DA:950,0
DA:957,1
DA:958,2
DA:959,4
DA:960,2
DA:961,3
DA:962,1
DA:965,1
DA:966,1
DA:967,2
DA:968,7
DA:969,2
DA:970,2
DA:971,2
DA:972,1
DA:973,2
DA:974,3
DA:978,0
DA:979,0
DA:980,0
DA:981,0
DA:982,0
DA:983,0
DA:984,0
DA:985,0
DA:986,0
DA:987,0
DA:989,0
DA:990,0
DA:991,0
DA:992,0
DA:993,0
DA:994,0
DA:995,0
DA:999,1
DA:1000,2
DA:1001,5
DA:1002,1
DA:1005,2
DA:1006,2
DA:1008,0
DA:1009,0
DA:1010,0
DA:1016,1
DA:1017,1
DA:1018,2
DA:1020,0
DA:1021,0
DA:1022,0
DA:1027,1
DA:1029,1
DA:1030,2
DA:1032,1
DA:1033,2
DA:1035,1
DA:1036,0
DA:1037,0
DA:1040,3
DA:1041,2
DA:1043,0
DA:1044,0
DA:1047,2
DA:1048,1
DA:1049,3
DA:1050,3
DA:1051,1
DA:1052,1
DA:1053,2
DA:1054,1
DA:1056,0
DA:1057,0
DA:1058,0
DA:1060,1
DA:1061,0
DA:1064,2
DA:1066,1
DA:1067,2
DA:1069,0
DA:1070,0
DA:1071,0
DA:1072,0
DA:1075,2
DA:1079,1
DA:1080,2
DA:1081,1
DA:1085,1
DA:1086,1
DA:1087,2
DA:1089,1
DA:1090,0
DA:1091,0
DA:1092,0
DA:1095,2
DA:1096,3
DA:1097,1
DA:1103,1
DA:1106,1
DA:1109,1
DA:1111,1
DA:1112,4
DA:1114,1
DA:1115,2
DA:1117,1
DA:1118,3
DA:1119,0
DA:1125,0
DA:1131,1
DA:1132,1
DA:1135,1
DA:1137,0
DA:1140,0
DA:1141,0
DA:1148,0
DA:1149,0
DA:1150,0
DA:1151,0
DA:1152,0
DA:1153,0
DA:1155,0
DA:1157,0
DA:1159,0
DA:1161,0
DA:1162,0
DA:1164,0
DA:1165,0
DA:1167,0
DA:1169,0
DA:1171,0
DA:1172,0
DA:1175,1
DA:1176,1
DA:1177,2
DA:1178,1
DA:1180,4
DA:1181,2
DA:1182,2
DA:1184,4
DA:1185,2
DA:1186,2
DA:1188,1
DA:1189,2
DA:1190,3
DA:1191,4
DA:1194,0
DA:1195,0
DA:1196,0
DA:1204,2
DA:1206,3
DA:1207,2
DA:1208,1
DA:1210,0
DA:1211,0
DA:1214,0
DA:1215,0
DA:1218,1
DA:1219,2
DA:1220,2
DA:1221,2
DA:1224,1
DA:1225,1
DA:1226,2
DA:1227,2
DA:1228,2
DA:1230,2
DA:1231,1
DA:1233,0
DA:1234,0
DA:1237,2
DA:1238,2
DA:1241,2
DA:1243,0
DA:1244,0
DA:1245,0
DA:1246,0
DA:1247,0
DA:1249,0
DA:1250,0
DA:1253,2
DA:1254,1
DA:1258,3
DA:1259,2
DA:1260,1
DA:1262,1
DA:1263,1
DA:1265,2
DA:1266,1
DA:1269,0
DA:1270,0
DA:1274,2
DA:1275,1
DA:1276,3
DA:1277,1
DA:1278,4
DA:1280,1
DA:1283,0
DA:1284,0
DA:1286,0
DA:1288,0
DA:1289,0
DA:1291,0
DA:1292,0
DA:1298,2
DA:1299,1
DA:1302,2
DA:1303,3
DA:1304,2
DA:1305,2
DA:1306,2
DA:1308,2
DA:1309,0
DA:1310,0
DA:1311,0
DA:1314,2
DA:1315,2
DA:1316,4
DA:1317,2
DA:1318,1
DA:1319,4
DA:1321,1
DA:1322,1
DA:1323,2
DA:1324,1
DA:1325,4
DA:1326,4
DA:1328,2
DA:1329,1
DA:1330,1
DA:1331,2
DA:1334,3
DA:1335,1
DA:1348,0
DA:1349,0
DA:1359,2
DA:1360,1
DA:1363,1
DA:1364,2
DA:1366,2
DA:1367,2
DA:1371,2
DA:1372,3
DA:1374,1
DA:1375,2
DA:1376,0
DA:1380,2
DA:1381,1
DA:1386,0
DA:1388,0
DA:1389,0
DA:1391,0
DA:1392,0
DA:1393,0
DA:1397,0
DA:1398,0
DA:1399,0
DA:1400,0
DA:1402,0
DA:1403,0
DA:1404,0
DA:1406,0
DA:1407,0
DA:1408,0
DA:1409,0
DA:1410,0
DA:1414,0
DA:1415,0
DA:1416,0
DA:1418,0
DA:1419,0
DA:1420,0
DA:1423,0
DA:1425,0
DA:1426,0
DA:1427,0
DA:1428,0
DA:1430,0
DA:1431,0
DA:1432,0
DA:1433,0
DA:1434,0
DA:1437,1
DA:1438,1
DA:1439,1
DA:1440,2
DA:1441,1
DA:1443,1
DA:1444,0
DA:1445,0
DA:1448,2
DA:1449,2
DA:1453,1
DA:1454,1
DA:1455,2
DA:1456,1
DA:1458,0
DA:1459,0
DA:1465,1
DA:1466,2
DA:1467,1
DA:1469,0
DA:1470,0
DA:1474,1
DA:1477,0
DA:1478,0
DA:1479,0
DA:1481,0
DA:1483,0
DA:1484,0
DA:1486,0
DA:1487,0
DA:1490,0
DA:1491,0
DA:1496,2
DA:1497,1
DA:1498,4
DA:1501,0
DA:1502,0
DA:1504,0
DA:1505,0
DA:1506,0
DA:1508,0
DA:1509,0
DA:1514,2
DA:1515,1
DA:1516,1
DA:1517,2
DA:1518,1
DA:1522,0
DA:1523,0
DA:1527,0
DA:1529,0
DA:1530,0
DA:1533,0
DA:1534,0
DA:1535,0
DA:1538,0
DA:1539,0
DA:1542,1
DA:1543,2
DA:1544,6
DA:1545,1
DA:1546,2
DA:1549,0
DA:1550,0
DA:1551,0
DA:1552,0
DA:1554,0
DA:1555,0
DA:1556,0
DA:1557,0
DA:1560,0
DA:1566,1
DA:1568,2
DA:1569,3
DA:1570,1
DA:1571,1
DA:1572,1
DA:1573,1
DA:1575,2
DA:1576,1
DA:1577,1
DA:1580,1
DA:1581,0
DA:1582,0
DA:1585,2
DA:1586,3
DA:1590,0
DA:1592,0
DA:1593,0
DA:1594,0
DA:1595,0
DA:1596,0
DA:1599,1
DA:1601,1
DA:1602,1
DA:1606,3
DA:1607,2
DA:1609,2
DA:1615,1
DA:1616,0
DA:1617,0
DA:1622,1
DA:1623,2
DA:1624,1
DA:1627,2
DA:1628,1
DA:1630,1
DA:1633,0
DA:1634,0
DA:1635,0
DA:1640,0
DA:1642,0
DA:1643,0
DA:1644,0
DA:1648,2
DA:1651,0
DA:1652,0
DA:1657,1
DA:1658,2
DA:1660,0
DA:1661,0
DA:1662,0
DA:1669,0
DA:1670,0
DA:1671,0
DA:1676,0
DA:1677,0
DA:1678,0
DA:1679,0
DA:1681,0
DA:1696,1
DA:1697,1
DA:1698,1
DA:1701,1
DA:1703,3
DA:1704,2
DA:1707,1
DA:1708,2
DA:1709,2
DA:1711,2
DA:1712,2
DA:1714,0
DA:1715,0
DA:1717,1
DA:1718,0
DA:1719,0
DA:1720,0
DA:1721,0
DA:1723,0
DA:1725,0
DA:1726,0
DA:1728,0
DA:1729,0
DA:1734,1
DA:1735,1
DA:1736,5
DA:1737,1
DA:1741,1
DA:1744,2
DA:1746,0
DA:1747,0
DA:1748,0
DA:1750,0
DA:1754,1
DA:1756,2
DA:1758,0
DA:1759,0
DA:1760,0
DA:1763,0
DA:1764,0
DA:1765,0
DA:1766,0
DA:1767,0
DA:1771,0
DA:1772,0
DA:1778,1
DA:1780,2
DA:1781,3
DA:1782,2
DA:1784,2
DA:1785,0
DA:1786,0
DA:1787,0
DA:1789,2
DA:1790,2
DA:1791,1
DA:1792,2
DA:1794,0
DA:1795,0
DA:1800,1
DA:1802,1
DA:1803,0
DA:1805,0
DA:1807,2
DA:1808,2
DA:1809,2
DA:1813,0
DA:1815,0
DA:1816,0
DA:1817,0
DA:1818,0
DA:1820,0
DA:1821,0
DA:1822,0
DA:1826,1
DA:1828,2
DA:1829,1
DA:1830,0
DA:1835,1
DA:1836,2
DA:1840,1
DA:1841,3
DA:1842,3
DA:1843,2
DA:1844,2
DA:1847,1
DA:1848,0
DA:1849,0
DA:1852,0
DA:1853,0
DA:1854,0
DA:1857,0
DA:1858,0
DA:1863,1
DA:1865,1
DA:1866,2
DA:1868,2
DA:1869,2
DA:1873,1
DA:1874,2
DA:1875,1
DA:1876,2
DA:1880,1
DA:1881,2
DA:1882,1
DA:1883,2
DA:1886,2
DA:1887,2
DA:1888,2
DA:1889,2
DA:1900,1
DA:1902,0
DA:1903,0
DA:1904,0
DA:1905,0
DA:1906,0
DA:1907,0
DA:1908,0
DA:1909,0
DA:1911,0
DA:1912,0
DA:1913,0
DA:1914,0
DA:1915,0
DA:1918,0
DA:1919,0
DA:1920,0
DA:1921,0
DA:1922,0
DA:1923,0
DA:1924,0
DA:1925,0
DA:1926,0
DA:1927,0
DA:1937,1
DA:1939,1
DA:1942,1
DA:1943,2
DA:1944,5
DA:1945,4
DA:1946,2
DA:1947,1
DA:1948,2
DA:1949,2
DA:1950,1
DA:1956,4
DA:1957,2
DA:1958,1
DA:1961,3
DA:1962,0
DA:1963,0
DA:1967,2
DA:1968,1
DA:1974,0
DA:1976,0
DA:1977,0
DA:1978,0
DA:1979,0
DA:1980,0
DA:1981,0
DA:1982,0
DA:1983,0
DA:1984,0
DA:1987,0
DA:1988,0
DA:1989,0
DA:1990,0
DA:1993,0
DA:1994,0
DA:1995,0
DA:1997,0
DA:1998,0
DA:1999,0
DA:2000,0
DA:2003,0
DA:2004,0
DA:2010,0
DA:2012,0
DA:2013,0
DA:2017,0
DA:2018,0
DA:2019,0
DA:2020,0
DA:2021,0
DA:2022,0
DA:2023,0
DA:2025,0
DA:2026,0
DA:2027,0
DA:2028,0
DA:2029,0
DA:2030,0
DA:2031,0
DA:2037,0
DA:2038,0
DA:2039,0
DA:2040,0
DA:2041,0
DA:2042,0
DA:2043,0
DA:2044,0
DA:2045,0
DA:2046,0
DA:2049,0
DA:2051,1
LF:957
LH:479
end_of_record
SF:/tmp/ipfs_libp2p/lib/p2p/protocol/identify/identify_exceptions.dart
DA:22,0
DA:28,0
DA:30,0
DA:31,0
DA:32,0
DA:54,0
DA:59,0
DA:65,0
DA:70,0
DA:72,0
DA:86,0
DA:90,0
DA:98,0
DA:102,0
DA:109,0
DA:110,0
DA:111,0
DA:112,0
DA:113,0
DA:121,0
DA:126,0
DA:127,0
DA:135,0
DA:137,0
LF:24
LH:0
end_of_record
SF:/tmp/ipfs_libp2p/lib/p2p/protocol/identify/options.dart
DA:30,1
DA:39,0
DA:46,0
DA:47,0
DA:48,0
DA:50,0
DA:51,0
DA:53,0
LF:8
LH:1
end_of_record
SF:/tmp/ipfs_libp2p/lib/p2p/host/basic/internal/backoff/backoff.dart
DA:26,1
DA:32,0
DA:33,0
DA:34,0
DA:36,0
DA:37,0
DA:42,0
DA:43,0
DA:44,0
DA:45,0
DA:52,0
DA:53,0
DA:55,0
DA:56,0
DA:57,0
DA:58,0
DA:64,0
DA:66,0
DA:67,0
DA:70,0
LF:20
LH:1
end_of_record
SF:/tmp/ipfs_libp2p/lib/p2p/protocol/ping/ping.dart
DA:10,0
DA:26,0
DA:28,0
DA:35,1
DA:36,3
DA:40,0
DA:41,0
DA:42,0
DA:45,0
DA:46,0
DA:52,0
DA:55,0
DA:58,0
DA:61,0
DA:62,0
DA:63,0
DA:68,0
DA:69,0
DA:70,0
DA:74,0
DA:75,0
DA:78,0
DA:79,0
DA:80,0
DA:83,0
DA:84,0
DA:85,0
DA:90,0
DA:91,0
DA:92,0
DA:93,0
DA:94,0
DA:95,0
DA:96,0
DA:97,0
DA:101,0
DA:102,0
DA:107,0
DA:108,0
DA:110,0
DA:111,0
DA:113,0
DA:114,0
DA:115,0
DA:116,0
DA:117,0
DA:118,0
DA:120,0
DA:122,0
DA:129,0
DA:131,0
DA:135,0
DA:137,0
DA:138,0
DA:139,0
DA:141,0
DA:148,0
DA:149,0
DA:154,0
DA:155,0
DA:156,0
DA:157,0
DA:158,0
DA:160,0
DA:163,0
DA:164,0
DA:165,0
DA:167,0
DA:168,0
DA:169,0
DA:172,0
DA:173,0
DA:178,0
DA:179,0
DA:185,0
DA:187,0
DA:192,0
DA:194,0
DA:195,0
DA:199,0
DA:200,0
DA:201,0
DA:204,0
DA:205,0
DA:207,0
DA:209,0
DA:210,0
DA:213,0
DA:215,0
DA:220,0
DA:221,0
DA:222,0
DA:223,0
LF:93
LH:2
end_of_record
SF:/tmp/ipfs_libp2p/lib/p2p/host/relaysvc/relay_manager.dart
DA:32,0
DA:35,0
DA:38,0
DA:49,0
DA:57,0
DA:65,0
DA:66,0
DA:67,0
DA:68,0
DA:73,0
DA:76,0
DA:77,0
DA:78,0
DA:79,0
DA:81,0
DA:82,0
DA:83,0
DA:84,0
DA:85,0
DA:87,0
DA:88,0
DA:90,0
DA:91,0
DA:92,0
DA:93,0
DA:94,0
DA:95,0
DA:97,0
DA:98,0
DA:99,0
DA:100,0
DA:101,0
DA:102,0
DA:105,0
DA:109,0
DA:110,0
DA:111,0
DA:114,0
DA:115,0
DA:116,0
DA:118,0
DA:119,0
DA:120,0
DA:122,0
DA:123,0
DA:126,0
DA:131,0
DA:132,0
DA:133,0
DA:135,0
DA:136,0
DA:138,0
DA:140,0
DA:142,0
DA:143,0
DA:151,0
DA:152,0
DA:153,0
DA:154,0
DA:157,0
DA:158,0
DA:159,0
DA:162,0
DA:163,0
DA:164,0
DA:166,0
DA:167,0
DA:168,0
DA:170,0
DA:172,0
DA:177,0
DA:181,0
DA:182,0
DA:184,0
LF:74
LH:0
end_of_record
SF:/tmp/ipfs_libp2p/lib/p2p/protocol/autonatv2/autonatv2.dart
DA:18,0
DA:35,0
DA:37,0
DA:38,0
DA:39,0
DA:40,0
DA:43,0
DA:44,0
DA:46,0
DA:47,0
DA:54,0
DA:56,0
DA:61,0
DA:66,0
DA:68,0
DA:69,0
DA:72,0
DA:73,0
DA:74,0
DA:75,0
DA:76,0
DA:77,0
DA:78,0
DA:79,0
DA:84,0
DA:86,0
DA:87,0
DA:88,0
DA:91,0
DA:92,0
DA:94,0
DA:97,0
DA:98,0
DA:99,0
[...]
DA:594,0
DA:595,0
DA:596,0
DA:597,0
DA:598,0
DA:602,1
DA:603,2
DA:605,0
DA:606,0
DA:608,1
DA:610,2
LF:309
LH:220
end_of_record
SF:/tmp/ipfs_libp2p/lib/p2p/security/noise/xx_pattern.dart
DA:31,1
DA:43,1
DA:55,1
DA:56,1
DA:57,1
DA:58,1
DA:59,1
DA:60,1
DA:61,1
DA:62,1
DA:63,1
DA:64,1
DA:95,1
DA:103,1
DA:106,2
DA:113,1
DA:114,1
DA:118,2
DA:119,1
DA:120,1
DA:122,0
DA:123,0
DA:127,1
DA:131,2
DA:132,1
DA:134,2
DA:138,1
DA:143,1
DA:144,3
DA:145,0
DA:149,1
DA:152,2
DA:153,1
DA:154,2
DA:156,1
DA:157,1
DA:158,1
DA:161,1
DA:162,1
DA:163,1
DA:167,0
DA:172,0
DA:173,0
DA:181,1
DA:182,3
DA:183,0
DA:187,1
DA:189,2
DA:190,2
DA:191,2
DA:192,2
DA:193,0
DA:196,1
DA:200,0
DA:201,0
DA:208,1
DA:209,3
DA:210,0
DA:213,4
DA:214,0
DA:219,1
DA:220,3
DA:221,0
DA:224,4
DA:225,0
DA:228,4
DA:229,0
DA:232,4
DA:233,2
DA:234,0
DA:239,4
DA:240,2
DA:241,0
DA:248,1
DA:249,1
DA:251,1
DA:254,1
DA:255,1
DA:258,2
DA:259,1
DA:265,3
DA:266,1
DA:268,1
DA:274,1
DA:276,1
DA:277,0
DA:280,2
DA:281,1
DA:283,1
DA:286,1
DA:287,1
DA:288,2
DA:289,1
DA:294,3
DA:295,1
DA:299,3
DA:300,1
DA:301,2
DA:302,1
DA:303,1
DA:304,2
DA:305,1
DA:308,2
DA:311,1
DA:312,3
DA:313,1
DA:318,2
DA:319,1
DA:320,1
DA:321,2
DA:322,1
DA:323,2
DA:324,1
DA:325,2
DA:328,1
DA:332,1
DA:334,1
DA:335,1
DA:337,1
DA:340,2
DA:341,1
DA:342,0
DA:344,1
DA:345,2
DA:346,1
DA:347,1
DA:349,2
DA:350,1
DA:353,2
DA:356,1
DA:357,0
DA:359,1
DA:360,1
DA:361,2
DA:362,1
DA:363,1
DA:365,1
DA:369,2
DA:370,1
DA:371,1
DA:372,2
DA:373,1
DA:374,2
DA:375,1
DA:376,2
DA:380,2
DA:383,1
DA:393,1
DA:396,2
DA:397,1
DA:400,3
DA:403,2
DA:406,1
DA:407,2
DA:415,1
DA:417,1
DA:418,1
DA:420,1
DA:421,0
DA:426,2
DA:427,1
DA:428,1
DA:429,2
DA:430,1
DA:433,1
DA:434,3
DA:435,1
DA:438,2
DA:439,1
DA:440,1
DA:441,2
DA:442,1
DA:443,1
DA:444,2
DA:445,1
DA:446,2
DA:449,1
DA:450,1
DA:451,3
DA:452,1
DA:456,1
DA:457,1
DA:458,2
DA:459,1
DA:460,1
DA:461,2
DA:462,1
DA:463,2
DA:467,1
DA:468,1
DA:473,1
DA:475,1
DA:476,1
DA:479,2
DA:480,1
DA:481,1
DA:482,0
DA:484,1
DA:485,2
DA:486,1
DA:487,1
DA:488,2
DA:489,1
DA:490,2
DA:493,1
DA:494,0
DA:496,1
DA:497,1
DA:498,2
DA:499,1
DA:500,1
DA:502,1
DA:505,1
DA:506,1
DA:507,2
DA:508,1
DA:509,1
DA:510,2
DA:511,1
DA:512,2
DA:516,2
DA:519,1
DA:520,1
DA:531,1
DA:532,2
DA:533,0
DA:539,1
DA:540,4
DA:541,0
DA:543,4
DA:544,0
DA:546,1
DA:547,0
DA:552,1
DA:555,1
DA:556,2
DA:557,0
DA:558,0
DA:561,1
DA:563,2
DA:564,0
DA:565,0
DA:568,3
DA:569,0
DA:570,0
DA:573,2
DA:574,0
DA:575,0
DA:578,1
DA:579,2
DA:580,0
DA:581,0
DA:593,1
DA:598,1
DA:599,1
DA:601,1
DA:603,1
DA:605,1
DA:612,1
DA:614,1
DA:615,1
DA:617,1
DA:619,3
DA:621,1
DA:622,1
DA:625,2
DA:627,1
DA:628,2
DA:631,3
DA:637,1
DA:638,4
DA:639,2
DA:643,1
DA:646,1
DA:647,2
DA:648,3
DA:649,3
DA:650,3
DA:655,1
DA:661,1
DA:662,1
DA:663,1
DA:669,2
DA:670,1
DA:671,2
DA:676,1
DA:682,2
DA:683,0
DA:686,1
DA:687,1
DA:688,3
DA:689,3
DA:691,2
DA:692,2
DA:703,1
DA:705,2
DA:706,1
DA:708,1
DA:713,0
DA:714,0
DA:716,1
DA:717,2
DA:718,2
DA:721,1
DA:722,2
DA:724,0
DA:729,1
DA:730,2
DA:732,0
DA:737,1
DA:738,2
DA:740,0
DA:746,0
DA:752,0
DA:753,0
DA:756,0
DA:757,0
DA:758,0
DA:760,0
DA:761,0
DA:763,0
DA:764,0
DA:766,0
DA:768,0
DA:772,0
DA:775,0
DA:776,0
DA:778,0
DA:779,0
DA:781,0
DA:782,0
DA:784,0
DA:785,0
LF:333
LH:269
end_of_record
SF:/tmp/ipfs_libp2p/lib/pb/noise/payload.pb.dart
DA:20,0
DA:24,0
DA:26,0
DA:27,0
DA:31,0
DA:33,0
DA:35,0
DA:36,0
DA:38,0
DA:40,0
DA:44,0
DA:46,0
DA:47,0
DA:49,0
DA:50,0
DA:51,0
DA:53,0
DA:56,0
DA:57,0
DA:59,0
DA:60,0
DA:61,0
DA:62,0
DA:63,0
DA:65,0
DA:68,0
DA:69,0
DA:71,0
DA:72,0
DA:76,1
DA:81,1
DA:82,0
DA:83,0
DA:84,0
DA:88,1
DA:90,1
DA:92,2
DA:93,0
DA:95,0
DA:97,3
DA:101,1
DA:103,1
DA:105,1
DA:107,1
DA:109,0
DA:110,0
DA:111,0
DA:114,0
DA:117,1
DA:118,1
DA:120,1
DA:121,1
DA:122,0
DA:123,0
DA:124,0
DA:126,0
DA:129,1
DA:130,1
DA:131,1
DA:132,1
DA:133,1
DA:134,1
DA:135,0
DA:136,0
DA:138,1
DA:139,1
DA:140,1
DA:141,1
DA:142,1
DA:143,1
DA:144,0
DA:145,0
DA:147,0
DA:148,0
DA:149,0
DA:150,0
DA:151,0
DA:152,0
DA:153,0
DA:154,0
DA:155,0
DA:156,0
LF:82
LH:26
end_of_record
SF:/tmp/ipfs_libp2p/lib/p2p/transport/connection_state.dart
DA:40,1
DA:44,1
DA:47,0
DA:49,0
DA:50,0
LF:5
LH:2
end_of_record
SF:/tmp/ipfs_libp2p/lib/core/crypto/ecdsa.dart
DA:12,0
DA:17,0
DA:18,0
DA:19,0
DA:26,0
DA:29,0
DA:31,0
DA:32,0
DA:35,0
DA:36,0
DA:39,0
DA:40,0
DA:42,0
DA:44,0
DA:45,0
DA:50,0
DA:51,0
DA:53,0
DA:54,0
DA:56,0
DA:59,0
DA:62,0
DA:66,0
DA:69,0
DA:70,0
DA:73,0
DA:74,0
DA:75,0
DA:77,0
DA:79,0
DA:80,0
DA:84,0
DA:86,0
DA:87,0
DA:88,0
DA:90,0
DA:93,0
DA:97,0
DA:98,0
DA:100,0
DA:101,0
DA:104,0
DA:105,0
DA:108,0
DA:109,0
DA:110,0
DA:111,0
DA:114,0
DA:120,0
DA:122,0
DA:125,0
DA:126,0
DA:128,0
DA:129,0
DA:138,0
DA:141,0
DA:143,0
DA:144,0
DA:147,0
DA:150,0
DA:151,0
DA:154,0
DA:155,0
DA:157,0
DA:158,0
DA:160,0
DA:162,0
DA:163,0
DA:168,0
DA:169,0
DA:171,0
DA:172,0
DA:175,0
DA:178,0
DA:181,0
DA:185,0
DA:188,0
DA:191,0
DA:192,0
DA:193,0
DA:194,0
DA:196,0
DA:198,0
DA:199,0
DA:203,0
DA:205,0
DA:206,0
DA:207,0
DA:209,0
DA:212,0
DA:216,0
DA:217,0
DA:220,0
DA:221,0
DA:222,0
DA:223,0
DA:226,0
DA:229,0
DA:230,0
DA:231,0
DA:233,0
DA:235,0
DA:239,0
DA:240,0
DA:242,0
DA:244,0
DA:247,0
DA:251,0
DA:256,0
DA:258,0
DA:259,0
DA:260,0
DA:262,0
DA:263,0
DA:265,0
LF:115
LH:0
end_of_record
SF:/tmp/ipfs_libp2p/lib/core/crypto/rsa.dart
DA:20,0
DA:22,0
DA:23,0
DA:29,0
DA:30,0
DA:31,0
DA:38,0
DA:40,0
DA:41,0
DA:43,0
DA:44,0
DA:49,0
DA:50,0
DA:51,0
DA:52,0
DA:53,0
DA:54,0
DA:57,0
DA:60,0
DA:61,0
DA:63,0
DA:64,0
DA:66,0
DA:69,0
DA:72,0
DA:74,0
DA:75,0
DA:76,0
DA:77,0
DA:80,0
DA:82,0
DA:83,0
DA:84,0
DA:86,0
DA:89,0
DA:92,0
DA:94,0
DA:95,0
DA:101,0
DA:103,0
DA:106,0
DA:107,0
DA:116,0
DA:118,0
DA:119,0
DA:121,0
DA:122,0
DA:126,0
DA:127,0
DA:128,0
DA:134,0
DA:135,0
DA:137,0
DA:138,0
DA:139,0
DA:158,0
DA:159,0
DA:160,0
DA:164,0
DA:165,0
DA:167,0
DA:168,0
DA:169,0
DA:173,0
DA:174,0
DA:175,0
DA:176,0
DA:177,0
DA:179,0
DA:182,0
DA:183,0
DA:184,0
DA:185,0
DA:186,0
DA:187,0
DA:188,0
DA:189,0
DA:200,0
DA:203,0
DA:205,0
DA:210,0
DA:212,0
DA:215,0
DA:265,0
DA:266,0
DA:268,0
DA:269,0
DA:272,0
DA:275,0
DA:278,0
DA:281,0
DA:282,0
DA:283,0
DA:286,0
DA:288,0
DA:289,0
DA:290,0
DA:293,0
DA:294,0
DA:297,0
DA:298,0
DA:301,0
DA:302,0
DA:304,0
DA:307,0
DA:309,0
DA:310,0
DA:311,0
DA:313,0
DA:316,0
DA:318,0
DA:320,0
DA:321,0
DA:322,0
DA:325,0
DA:326,0
DA:328,0
DA:330,0
DA:333,0
DA:337,0
DA:342,0
DA:343,0
DA:344,0
DA:346,0
DA:347,0
DA:350,0
DA:354,0
DA:355,0
DA:357,0
DA:358,0
DA:360,0
LF:131
LH:0
end_of_record
SF:/tmp/ipfs_libp2p/lib/p2p/crypto/key_generator.dart
DA:16,0
DA:21,0
DA:22,0
DA:24,0
DA:25,0
DA:27,0
DA:30,0
DA:32,0
DA:34,0
DA:37,0
DA:38,0
DA:39,0
DA:43,0
DA:44,0
DA:45,0
DA:47,0
DA:48,0
DA:62,1
DA:63,1
DA:64,1
DA:65,1
DA:66,1
DA:68,1
DA:69,2
DA:70,1
DA:71,1
DA:74,1
LF:27
LH:10
end_of_record
SF:/tmp/ipfs_libp2p/lib/p2p/multiaddr/validator.dart
DA:6,1
DA:7,1
DA:8,1
DA:9,1
DA:11,1
DA:12,0
DA:14,1
DA:15,1
DA:16,1
DA:18,1
DA:19,1
DA:20,1
DA:21,0
DA:23,1
DA:24,0
DA:26,1
DA:27,0
DA:34,2
DA:36,0
DA:37,0
DA:45,1
DA:46,1
DA:47,2
DA:48,0
DA:51,2
DA:52,1
DA:53,2
DA:54,0
DA:60,0
DA:62,0
DA:65,0
DA:67,0
DA:68,0
DA:72,0
DA:75,0
DA:77,0
DA:82,0
DA:83,0
DA:85,0
DA:86,0
DA:90,0
DA:94,0
DA:96,0
DA:100,0
DA:102,0
DA:103,0
DA:105,0
DA:106,0
DA:107,0
DA:110,0
DA:111,0
DA:113,0
DA:114,0
DA:115,0
DA:116,0
DA:119,0
DA:122,0
DA:123,0
DA:124,0
DA:127,0
DA:128,0
DA:130,0
DA:131,0
DA:132,0
DA:136,0
DA:141,0
DA:142,0
DA:143,0
DA:144,0
DA:147,0
DA:148,0
DA:152,0
DA:153,0
DA:157,0
DA:158,0
DA:159,0
DA:202,1
DA:203,1
DA:204,2
DA:205,0
DA:210,0
DA:211,0
DA:212,0
DA:216,0
DA:217,0
DA:218,0
DA:223,0
DA:224,0
DA:225,0
DA:230,0
DA:232,0
DA:233,0
DA:237,0
DA:238,0
DA:239,0
DA:244,0
DA:245,0
DA:246,0
DA:250,0
DA:251,0
DA:255,0
DA:256,0
LF:102
LH:23
end_of_record
SF:/tmp/ipfs_libp2p/lib/p2p/transport/p2p_stream_adapter.dart
DA:29,0
DA:35,0
DA:37,0
DA:38,0
DA:39,0
DA:43,0
DA:46,0
DA:47,0
DA:48,0
DA:50,0
DA:51,0
DA:52,0
DA:53,0
DA:57,0
DA:60,0
DA:61,0
DA:64,0
DA:65,0
DA:67,0
DA:71,0
DA:73,0
DA:74,0
DA:77,0
DA:79,0
DA:81,0
DA:86,0
DA:87,0
DA:89,0
DA:91,0
DA:92,0
DA:98,0
DA:99,0
DA:100,0
DA:103,0
DA:104,0
DA:105,0
DA:106,0
DA:107,0
DA:108,0
DA:109,0
DA:111,0
DA:114,0
DA:115,0
DA:117,0
DA:118,0
DA:120,0
DA:122,0
DA:123,0
DA:126,0
DA:130,0
DA:131,0
DA:133,0
DA:135,0
DA:139,0
DA:144,0
DA:147,0
DA:149,0
DA:150,0
DA:156,0
DA:158,0
DA:159,0
DA:160,0
DA:163,0
DA:164,0
DA:168,0
DA:170,0
DA:171,0
DA:174,0
DA:175,0
DA:176,0
DA:179,0
DA:180,0
DA:184,0
DA:188,0
DA:189,0
DA:191,0
DA:193,0
DA:195,0
DA:199,0
DA:203,0
DA:205,0
DA:207,0
DA:208,0
DA:210,0
DA:220,0
DA:222,0
DA:224,0
DA:226,0
DA:227,0
DA:228,0
DA:230,0
DA:232,0
DA:233,0
DA:239,0
DA:241,0
DA:243,0
DA:247,0
DA:251,0
DA:259,0
DA:263,0
DA:265,0
DA:268,0
DA:270,0
DA:273,0
DA:274,0
DA:276,0
DA:277,0
DA:279,0
DA:280,0
LF:109
LH:0
end_of_record
SF:/tmp/ipfs_libp2p/lib/p2p/transport/tcp_connection.dart
DA:44,6
DA:93,2
DA:104,4
DA:107,4
DA:108,28
DA:109,2
DA:113,2
DA:125,2
DA:132,2
DA:136,2
DA:137,2
DA:138,0
DA:141,2
DA:142,2
DA:145,6
DA:146,4
DA:147,2
DA:149,6
DA:152,2
DA:157,6
DA:158,2
DA:159,4
DA:160,8
DA:161,4
DA:162,2
DA:163,4
DA:164,4
DA:167,1
DA:168,2
DA:169,2
DA:170,1
DA:171,1
DA:173,1
DA:174,1
DA:175,2
DA:177,2
DA:181,1
DA:182,1
DA:185,2
DA:186,8
DA:187,2
DA:188,2
DA:190,0
DA:192,2
DA:193,4
DA:195,2
DA:206,2
DA:207,2
DA:209,2
DA:210,2
DA:213,2
DA:215,1
DA:216,0
DA:217,1
DA:218,1
DA:219,1
DA:220,1
DA:222,2
DA:224,2
DA:226,0
DA:227,0
DA:229,2
DA:230,1
DA:238,2
DA:239,2
DA:241,1
DA:242,1
DA:244,1
DA:247,1
DA:250,1
DA:253,1
DA:256,0
DA:258,0
DA:259,0
DA:262,2
DA:263,2
DA:265,2
DA:266,2
DA:268,1
DA:269,1
DA:271,1
DA:273,1
DA:281,1
DA:283,1
DA:284,0
DA:285,0
DA:286,0
DA:287,0
DA:292,1
DA:293,1
DA:294,1
DA:295,1
DA:296,4
DA:302,1
DA:304,1
DA:306,0
DA:309,2
DA:312,0
DA:314,0
DA:318,0
DA:320,0
DA:323,2
DA:325,2
DA:326,2
DA:328,2
DA:337,4
DA:338,2
DA:341,6
DA:342,2
DA:343,1
DA:344,1
DA:347,4
DA:350,4
DA:352,0
DA:355,4
DA:356,2
DA:359,2
DA:360,2
DA:361,8
DA:364,2
DA:366,6
DA:367,4
DA:368,8
DA:369,2
DA:371,2
DA:372,1
DA:373,2
DA:374,2
DA:375,2
DA:376,1
DA:383,6
DA:385,8
DA:386,6
DA:387,4
DA:388,4
DA:389,4
DA:390,14
DA:395,2
DA:396,2
DA:397,2
DA:398,2
DA:399,4
DA:405,2
DA:406,4
DA:407,4
DA:408,4
DA:409,2
DA:413,6
DA:415,4
DA:416,4
DA:417,4
DA:418,6
DA:423,0
DA:425,0
DA:426,0
DA:427,0
DA:428,0
DA:429,0
DA:434,2
DA:436,0
DA:437,0
DA:438,0
DA:442,4
DA:443,8
DA:444,4
DA:448,2
DA:449,4
DA:450,6
DA:451,2
DA:452,4
DA:453,4
DA:454,6
DA:455,6
DA:456,4
DA:460,4
DA:462,2
DA:465,4
DA:466,4
DA:471,2
DA:473,2
DA:474,6
DA:475,2
DA:477,0
DA:478,0
DA:479,0
DA:482,2
DA:483,4
DA:484,6
DA:485,4
DA:486,4
DA:487,4
DA:488,14
DA:490,2
DA:491,2
DA:493,1
DA:494,1
DA:501,2
DA:504,2
DA:507,1
DA:510,1
DA:513,0
DA:515,0
DA:518,0
DA:521,0
DA:522,0
DA:524,0
DA:526,0
DA:529,1
DA:530,1
DA:531,3
DA:532,1
DA:534,1
DA:535,2
DA:536,0
DA:540,2
DA:541,2
DA:543,3
DA:547,0
DA:555,0
DA:556,0
DA:571,1
DA:578,1
DA:580,0
DA:583,0
DA:584,0
DA:588,0
DA:590,0
DA:593,0
DA:595,0
DA:598,0
DA:600,0
DA:608,0
DA:610,0
DA:612,0
DA:613,0
DA:616,0
DA:618,0
DA:621,0
DA:623,0
DA:626,0
DA:628,0
DA:631,0
DA:633,0
LF:243
LH:181
end_of_record
SF:/tmp/ipfs_libp2p/lib/p2p/host/pstoremanager/pstoremanager.dart
DA:15,0
DA:23,0
DA:24,0
DA:25,0
DA:33,0
DA:34,0
DA:35,0
DA:57,0
DA:59,0
DA:61,0
DA:62,0
DA:65,0
DA:69,0
DA:70,0
DA:71,0
DA:75,0
DA:76,0
DA:77,0
DA:78,0
DA:80,0
DA:81,0
DA:85,0
DA:86,0
DA:90,0
DA:91,0
DA:92,0
DA:93,0
DA:98,0
DA:101,0
DA:102,0
DA:108,0
DA:109,0
DA:110,0
DA:112,0
DA:113,0
DA:114,0
DA:116,0
DA:123,0
DA:125,0
DA:126,0
DA:131,0
DA:132,0
DA:137,0
DA:138,0
DA:139,0
DA:141,0
DA:142,0
DA:145,0
DA:146,0
DA:148,0
DA:150,0
DA:151,0
LF:52
LH:0
end_of_record
SF:/tmp/ipfs_libp2p/lib/p2p/transport/udx_transport.dart
DA:38,3
DA:60,0
DA:61,0
DA:63,1
DA:69,0
DA:70,2
DA:71,1
DA:77,1
DA:79,2
DA:80,3
DA:81,1
DA:82,2
DA:84,1
DA:85,0
DA:88,2
DA:91,1
DA:92,2
DA:93,1
DA:99,1
DA:111,2
DA:112,1
DA:115,2
DA:116,1
DA:117,2
DA:118,1
DA:119,1
DA:121,2
DA:122,4
DA:125,1
DA:126,1
DA:127,1
DA:130,2
DA:133,1
DA:134,3
DA:135,1
DA:137,2
DA:141,1
DA:143,2
DA:144,2
DA:145,1
DA:147,0
DA:150,2
DA:151,1
DA:154,2
DA:155,1
DA:156,1
DA:157,2
DA:158,1
DA:159,1
DA:167,1
DA:169,1
DA:171,2
DA:172,2
DA:175,1
DA:176,2
DA:177,1
DA:180,1
DA:181,2
DA:182,1
DA:184,1
DA:186,1
DA:188,2
DA:189,2
DA:190,2
DA:192,0
DA:193,0
DA:194,0
DA:217,1
DA:218,0
DA:220,0
DA:221,0
DA:222,0
DA:223,0
DA:225,0
DA:226,0
DA:231,3
DA:232,1
DA:233,4
DA:236,2
DA:237,1
DA:238,1
DA:244,1
DA:246,1
DA:247,2
DA:248,2
DA:249,2
DA:252,2
DA:253,2
DA:254,2
DA:255,2
DA:258,0
DA:259,0
DA:262,0
DA:263,0
DA:264,0
DA:271,1
DA:273,3
DA:274,1
DA:275,2
DA:278,0
DA:284,2
DA:285,1
DA:288,1
DA:289,0
DA:290,1
DA:291,0
DA:292,1
DA:294,1
DA:295,2
DA:296,4
DA:299,1
DA:300,2
DA:303,3
DA:304,1
DA:305,4
DA:306,3
DA:307,1
DA:309,1
DA:312,1
DA:316,2
DA:317,2
DA:318,1
DA:321,0
DA:322,0
DA:323,0
DA:324,0
DA:328,0
DA:331,1
DA:334,1
DA:338,1
DA:339,1
DA:340,1
DA:343,1
DA:345,1
DA:348,1
DA:350,2
DA:351,5
DA:353,3
DA:355,1
DA:357,0
DA:358,0
DA:361,2
DA:362,2
DA:365,2
DA:367,0
DA:369,0
DA:370,0
DA:373,2
DA:374,2
DA:413,1
DA:432,1
DA:434,6
DA:436,2
DA:437,3
DA:438,2
DA:439,3
DA:440,2
DA:441,3
DA:443,1
DA:444,1
DA:445,1
DA:446,2
DA:447,4
DA:450,3
DA:451,0
DA:452,0
DA:453,0
DA:454,0
DA:457,0
DA:459,0
DA:460,0
DA:462,0
DA:463,0
DA:464,0
DA:465,0
DA:466,0
DA:469,0
DA:471,0
DA:476,0
DA:477,0
DA:478,0
DA:481,0
DA:485,4
DA:486,3
DA:487,2
DA:488,6
DA:491,1
DA:492,1
DA:493,2
DA:494,4
DA:497,1
DA:498,3
DA:499,4
DA:500,0
DA:501,0
DA:504,0
DA:507,0
DA:508,0
DA:509,0
DA:510,0
DA:512,0
DA:513,0
DA:515,0
DA:516,0
DA:517,0
DA:518,0
DA:522,2
DA:523,4
DA:524,1
DA:525,1
DA:527,1
DA:529,4
DA:530,1
DA:531,2
DA:532,2
DA:534,0
DA:535,0
DA:536,0
DA:539,1
DA:540,2
DA:541,2
DA:542,4
DA:543,1
DA:544,0
DA:545,0
DA:546,0
DA:547,0
DA:549,0
DA:550,0
DA:551,0
DA:552,0
DA:558,0
DA:560,0
DA:561,0
DA:562,0
DA:563,0
DA:564,0
DA:568,0
DA:569,0
DA:571,0
DA:572,0
DA:573,0
DA:574,0
DA:575,0
DA:578,0
DA:580,0
DA:581,0
DA:583,0
DA:584,0
DA:586,0
DA:588,0
DA:591,0
DA:592,0
DA:594,0
DA:599,0
DA:600,0
DA:601,0
DA:602,0
DA:603,0
DA:604,0
DA:605,0
DA:607,0
DA:608,0
DA:609,0
DA:610,0
DA:613,0
DA:614,0
DA:618,0
DA:619,0
DA:620,0
DA:621,0
DA:622,0
DA:623,0
DA:627,0
DA:628,0
DA:629,0
DA:630,0
DA:631,0
DA:632,0
DA:633,0
DA:635,0
DA:636,0
DA:638,0
DA:640,0
DA:641,0
DA:642,0
DA:643,0
DA:648,0
DA:649,0
DA:650,0
DA:651,0
DA:653,0
DA:654,0
DA:655,0
DA:658,0
DA:660,0
DA:661,0
DA:663,0
DA:664,0
DA:666,0
DA:668,0
DA:671,0
DA:672,0
DA:674,0
DA:679,0
DA:680,0
DA:681,0
DA:682,0
DA:683,0
DA:684,0
DA:685,0
DA:687,0
DA:688,0
DA:689,0
DA:690,0
DA:693,0
DA:694,0
DA:698,0
DA:700,0
DA:701,0
DA:702,0
DA:703,0
DA:705,0
DA:706,0
DA:707,0
DA:708,0
DA:709,0
DA:710,0
DA:712,0
DA:713,0
DA:715,0
DA:717,0
DA:718,0
DA:719,0
DA:720,0
DA:723,0
DA:724,0
DA:725,0
DA:726,0
DA:727,0
DA:734,0
DA:735,0
DA:737,0
DA:742,0
DA:743,0
DA:744,0
DA:748,0
DA:750,0
DA:751,0
DA:752,0
DA:753,0
DA:754,0
DA:757,0
DA:758,0
DA:759,0
DA:763,0
DA:765,0
DA:767,1
DA:768,1
DA:770,1
DA:771,1
DA:773,0
DA:775,0
DA:777,0
DA:779,0
DA:780,0
DA:783,0
DA:785,0
DA:786,0
DA:787,0
DA:790,0
DA:791,0
DA:793,0
DA:794,0
DA:796,0
DA:801,1
DA:803,1
DA:804,1
DA:805,1
DA:808,1
DA:810,1
DA:814,1
DA:816,2
DA:820,0
DA:822,0
DA:824,0
DA:826,0
DA:829,0
DA:830,0
DA:833,0
DA:834,0
DA:837,0
DA:838,0
DA:848,0
DA:849,0
DA:862,1
DA:863,2
DA:864,4
DA:865,2
DA:866,2
DA:867,4
DA:870,3
DA:871,0
DA:872,0
DA:873,0
DA:877,1
DA:880,1
DA:881,2
DA:882,2
DA:883,5
DA:885,2
DA:886,1
DA:889,2
DA:890,2
DA:891,2
DA:894,2
DA:895,2
DA:896,2
DA:897,1
DA:898,2
DA:899,1
DA:901,2
DA:902,2
DA:903,2
DA:904,2
DA:907,2
DA:908,4
DA:909,1
DA:910,5
DA:911,1
DA:912,4
DA:913,2
DA:917,1
DA:918,2
DA:919,0
DA:920,0
DA:921,0
DA:923,2
DA:924,2
DA:925,3
DA:926,2
DA:928,1
DA:929,2
DA:930,2
DA:931,1
DA:932,2
DA:933,2
DA:934,2
DA:935,3
DA:938,0
DA:939,0
DA:942,1
DA:943,1
DA:946,2
DA:947,2
DA:948,2
DA:949,2
DA:951,2
DA:952,4
DA:953,2
DA:956,2
DA:957,2
DA:958,3
DA:961,0
DA:962,0
DA:963,0
DA:964,0
DA:965,0
DA:968,0
DA:969,0
DA:970,0
DA:971,0
DA:973,0
DA:976,1
DA:978,1
DA:982,0
DA:984,1
DA:989,2
DA:990,6
DA:993,2
DA:994,0
DA:995,0
DA:996,0
DA:999,2
DA:1000,1
DA:1001,0
DA:1002,0
DA:1007,1
DA:1010,2
DA:1011,5
DA:1014,2
DA:1015,2
DA:1016,2
DA:1017,1
DA:1020,2
DA:1024,0
DA:1026,1
DA:1027,2
DA:1028,2
DA:1035,1
DA:1038,1
LF:501
LH:249
end_of_record
SF:/tmp/ipfs_libp2p/lib/p2p/transport/udx_exceptions.dart
DA:9,3
DA:17,0
DA:22,0
DA:24,0
DA:26,0
DA:31,0
DA:36,0
DA:43,0
DA:49,0
DA:54,0
DA:57,0
DA:69,0
DA:73,0
DA:74,0
DA:89,1
DA:118,0
DA:121,1
DA:128,1
DA:130,2
DA:132,2
DA:133,4
DA:134,1
DA:137,0
DA:140,0
DA:141,0
DA:142,0
DA:143,0
DA:148,0
DA:149,0
DA:152,0
DA:153,0
DA:154,0
DA:155,0
DA:159,0
DA:162,0
DA:164,0
DA:166,0
DA:167,0
DA:170,0
DA:175,0
DA:179,0
DA:184,0
DA:188,0
DA:189,0
DA:190,0
DA:191,0
DA:192,0
DA:194,0
DA:195,0
DA:202,0
DA:203,0
DA:204,0
DA:207,0
DA:211,0
DA:212,0
DA:214,0
DA:219,0
DA:220,0
DA:221,0
DA:224,0
DA:229,0
DA:230,0
DA:238,0
DA:244,0
DA:248,0
DA:253,0
DA:257,0
DA:258,0
DA:261,0
DA:262,0
DA:263,0
DA:264,0
DA:265,0
DA:269,0
DA:271,0
DA:272,0
DA:273,0
DA:274,0
DA:285,0
DA:290,0
DA:291,0
DA:293,0
DA:294,0
DA:300,0
DA:304,0
DA:305,0
DA:309,1
DA:315,1
DA:316,0
DA:317,0
LF:90
LH:10
end_of_record
SF:/tmp/ipfs_libp2p/lib/p2p/transport/udx_stream_adapter.dart
DA:20,3
DA:24,0
DA:39,1
DA:46,2
DA:47,4
DA:48,5
DA:50,2
DA:51,7
DA:56,1
DA:57,1
DA:59,1
DA:60,2
DA:61,3
DA:62,1
DA:64,2
DA:65,3
DA:66,2
DA:67,2
DA:68,2
DA:70,2
DA:71,0
DA:72,0
DA:73,0
DA:76,0
DA:78,0
DA:83,0
DA:84,0
DA:85,0
DA:86,0
DA:87,0
DA:88,0
DA:91,0
DA:92,0
DA:93,0
DA:94,0
DA:96,0
DA:97,0
DA:99,0
DA:100,0
DA:101,0
DA:102,0
DA:103,0
DA:105,4
DA:106,0
DA:107,0
DA:108,0
DA:109,0
DA:110,0
DA:111,0
DA:112,0
DA:116,1
DA:118,3
DA:121,0
DA:123,0
DA:126,0
DA:128,0
DA:129,0
DA:132,0
DA:133,0
DA:136,1
DA:139,1
DA:140,2
DA:141,6
DA:143,1
DA:144,0
DA:145,0
DA:146,0
DA:149,2
DA:150,2
DA:151,2
DA:152,2
DA:153,5
DA:156,1
DA:157,1
DA:158,2
DA:159,2
DA:160,4
DA:169,1
DA:170,0
DA:171,0
DA:174,0
DA:176,0
DA:177,0
DA:184,0
DA:185,0
DA:190,0
DA:193,1
DA:194,2
DA:195,2
DA:196,2
DA:199,2
DA:200,1
DA:201,0
DA:202,0
DA:203,0
DA:204,0
DA:205,0
DA:209,0
DA:213,2
DA:214,3
DA:216,1
DA:220,2
DA:223,1
DA:224,1
DA:225,2
DA:230,0
DA:231,0
DA:232,0
DA:233,0
DA:238,1
DA:240,2
DA:241,5
DA:242,1
DA:243,0
DA:244,0
DA:245,0
DA:247,1
DA:248,0
DA:249,0
DA:250,0
DA:252,3
DA:253,2
DA:254,2
DA:255,3
DA:258,1
DA:259,2
DA:260,4
DA:261,1
DA:262,0
DA:263,0
DA:266,1
DA:267,1
DA:269,2
DA:270,2
DA:271,2
DA:272,1
DA:273,2
DA:274,1
DA:276,2
DA:277,2
DA:278,2
DA:279,2
DA:282,1
DA:283,3
DA:284,2
DA:285,1
DA:286,3
DA:288,0
DA:293,2
DA:294,2
DA:295,4
DA:297,2
DA:298,4
DA:299,2
DA:303,0
DA:304,0
DA:305,0
DA:306,0
DA:307,0
DA:308,0
DA:309,0
DA:311,0
DA:314,1
DA:316,4
DA:317,1
DA:320,0
DA:322,0
DA:323,0
DA:325,0
DA:326,0
DA:330,0
DA:335,0
DA:336,0
DA:339,0
DA:341,0
DA:342,0
DA:345,0
DA:347,0
DA:348,0
DA:349,0
DA:350,0
DA:354,0
DA:356,0
DA:357,0
DA:358,0
DA:359,0
DA:363,0
DA:365,0
DA:366,0
DA:368,0
DA:369,0
DA:371,0
DA:373,1
DA:375,1
DA:378,0
DA:379,0
DA:381,0
DA:382,0
DA:385,0
DA:386,0
DA:389,0
DA:394,0
DA:396,0
DA:422,1
DA:434,1
DA:435,4
DA:436,2
DA:437,2
DA:442,4
DA:443,2
DA:444,2
DA:445,1
DA:446,0
DA:447,0
DA:448,0
DA:449,0
DA:450,0
DA:451,0
DA:453,0
DA:454,0
DA:455,0
DA:456,1
DA:457,2
DA:458,2
DA:459,2
DA:460,2
DA:461,1
DA:463,2
DA:464,2
DA:467,1
DA:468,2
DA:469,4
DA:470,1
DA:471,0
DA:472,0
DA:473,0
DA:477,2
DA:478,1
DA:479,1
DA:482,2
DA:483,0
DA:484,0
DA:485,0
DA:489,2
DA:490,2
DA:493,1
DA:494,1
DA:495,2
DA:496,3
DA:497,1
DA:498,1
DA:502,0
DA:503,0
DA:507,0
DA:508,0
DA:509,0
DA:510,0
DA:513,0
DA:515,0
DA:516,0
DA:517,0
DA:518,0
DA:519,0
DA:523,0
DA:526,1
DA:530,3
DA:531,1
DA:532,1
DA:533,2
DA:534,3
DA:536,2
DA:539,1
DA:541,1
DA:542,1
DA:544,1
DA:545,2
DA:546,2
DA:547,3
DA:549,2
DA:550,3
DA:552,2
DA:553,2
DA:554,3
DA:556,2
DA:557,2
DA:558,3
DA:560,2
DA:561,2
DA:562,2
DA:563,3
DA:565,0
DA:566,0
DA:567,0
DA:568,0
DA:571,0
DA:572,0
DA:573,0
DA:574,0
DA:578,1
DA:579,1
DA:581,1
DA:583,4
DA:584,2
DA:587,0
DA:589,0
DA:590,0
DA:591,0
DA:594,0
DA:595,0
DA:599,1
DA:601,2
DA:602,3
DA:603,1
DA:604,1
DA:606,2
DA:607,4
DA:608,2
DA:611,2
DA:612,4
DA:613,3
DA:615,0
DA:617,0
DA:618,0
DA:621,2
DA:622,2
DA:623,2
DA:626,4
DA:627,2
DA:628,4
DA:630,0
DA:634,0
DA:636,0
DA:639,0
DA:641,0
LF:334
LH:173
end_of_record
